{"C:\\Klubly_TFG_2026_GuillermoReyes\\frontend\\src\\api\\axios.ts": {"path":"C:\\Klubly_TFG_2026_GuillermoReyes\\frontend\\src\\api\\axios.ts","statementMap":{"0":{"start":{"line":4,"column":12},"end":{"line":9,"column":2}},"1":{"start":{"line":13,"column":0},"end":{"line":24,"column":null}},"2":{"start":{"line":15,"column":18},"end":{"line":15,"column":47}},"3":{"start":{"line":16,"column":4},"end":{"line":17,"column":null}},"4":{"start":{"line":17,"column":6},"end":{"line":17,"column":null}},"5":{"start":{"line":19,"column":4},"end":{"line":19,"column":null}},"6":{"start":{"line":22,"column":4},"end":{"line":22,"column":null}},"7":{"start":{"line":28,"column":0},"end":{"line":68,"column":null}},"8":{"start":{"line":29,"column":16},"end":{"line":29,"column":null}},"9":{"start":{"line":32,"column":4},"end":{"line":35,"column":null}},"10":{"start":{"line":33,"column":6},"end":{"line":33,"column":null}},"11":{"start":{"line":35,"column":6},"end":{"line":35,"column":null}},"12":{"start":{"line":38,"column":23},"end":{"line":38,"column":null}},"13":{"start":{"line":41,"column":4},"end":{"line":56,"column":null}},"14":{"start":{"line":42,"column":6},"end":{"line":42,"column":null}},"15":{"start":{"line":45,"column":6},"end":{"line":56,"column":null}},"16":{"start":{"line":47,"column":8},"end":{"line":47,"column":null}},"17":{"start":{"line":50,"column":8},"end":{"line":52,"column":null}},"18":{"start":{"line":56,"column":8},"end":{"line":56,"column":null}},"19":{"start":{"line":61,"column":4},"end":{"line":62,"column":null}},"20":{"start":{"line":62,"column":6},"end":{"line":62,"column":null}},"21":{"start":{"line":66,"column":4},"end":{"line":66,"column":null}}},"fnMap":{"0":{"name":"(anonymous_0)","decl":{"start":{"line":13,"column":25},"end":{"line":13,"column":null}},"loc":{"start":{"line":14,"column":14},"end":{"line":21,"column":13}},"line":14},"1":{"name":"(anonymous_1)","decl":{"start":{"line":21,"column":3},"end":{"line":21,"column":13}},"loc":{"start":{"line":21,"column":13},"end":{"line":24,"column":null}},"line":21},"2":{"name":"(anonymous_2)","decl":{"start":{"line":28,"column":26},"end":{"line":28,"column":null}},"loc":{"start":{"line":29,"column":16},"end":{"line":29,"column":null}},"line":29},"3":{"name":"(anonymous_3)","decl":{"start":{"line":29,"column":16},"end":{"line":29,"column":null}},"loc":{"start":{"line":30,"column":13},"end":{"line":68,"column":null}},"line":30}},"branchMap":{"0":{"loc":{"start":{"line":16,"column":4},"end":{"line":17,"column":null}},"type":"if","locations":[{"start":{"line":16,"column":4},"end":{"line":17,"column":null}},{"start":{},"end":{}}],"line":16},"1":{"loc":{"start":{"line":32,"column":4},"end":{"line":35,"column":null}},"type":"if","locations":[{"start":{"line":32,"column":4},"end":{"line":35,"column":null}},{"start":{},"end":{}}],"line":32},"2":{"loc":{"start":{"line":41,"column":4},"end":{"line":56,"column":null}},"type":"if","locations":[{"start":{"line":41,"column":4},"end":{"line":56,"column":null}},{"start":{},"end":{}}],"line":41},"3":{"loc":{"start":{"line":45,"column":6},"end":{"line":56,"column":null}},"type":"if","locations":[{"start":{"line":45,"column":6},"end":{"line":56,"column":null}},{"start":{},"end":{}}],"line":45},"4":{"loc":{"start":{"line":61,"column":4},"end":{"line":62,"column":null}},"type":"if","locations":[{"start":{"line":61,"column":4},"end":{"line":62,"column":null}},{"start":{},"end":{}}],"line":61}},"s":{"0":4,"1":4,"2":0,"3":0,"4":0,"5":0,"6":0,"7":4,"8":0,"9":0,"10":0,"11":0,"12":0,"13":0,"14":0,"15":0,"16":0,"17":0,"18":0,"19":0,"20":0,"21":0},"f":{"0":0,"1":0,"2":0,"3":0},"b":{"0":[0,0],"1":[0,0],"2":[0,0],"3":[0,0],"4":[0,0]},"meta":{"lastBranch":5,"lastFunction":4,"lastStatement":22,"seen":{"s:4:12:9:2":0,"s:13:0:24:Infinity":1,"f:13:25:13:Infinity":0,"s:15:18:15:47":2,"b:16:4:17:Infinity:undefined:undefined:undefined:undefined":0,"s:16:4:17:Infinity":3,"s:17:6:17:Infinity":4,"s:19:4:19:Infinity":5,"f:21:3:21:13":1,"s:22:4:22:Infinity":6,"s:28:0:68:Infinity":7,"f:28:26:28:Infinity":2,"s:29:16:29:Infinity":8,"f:29:16:29:Infinity":3,"b:32:4:35:Infinity:undefined:undefined:undefined:undefined":1,"s:32:4:35:Infinity":9,"s:33:6:33:Infinity":10,"s:35:6:35:Infinity":11,"s:38:23:38:Infinity":12,"b:41:4:56:Infinity:undefined:undefined:undefined:undefined":2,"s:41:4:56:Infinity":13,"s:42:6:42:Infinity":14,"b:45:6:56:Infinity:undefined:undefined:undefined:undefined":3,"s:45:6:56:Infinity":15,"s:47:8:47:Infinity":16,"s:50:8:52:Infinity":17,"s:56:8:56:Infinity":18,"b:61:4:62:Infinity:undefined:undefined:undefined:undefined":4,"s:61:4:62:Infinity":19,"s:62:6:62:Infinity":20,"s:66:4:66:Infinity":21}}}
,"C:\\Klubly_TFG_2026_GuillermoReyes\\frontend\\src\\assets\\Klubly_Logo.png": {"path":"C:\\Klubly_TFG_2026_GuillermoReyes\\frontend\\src\\assets\\Klubly_Logo.png","statementMap":{},"fnMap":{},"branchMap":{},"s":{},"f":{},"b":{},"meta":{"lastBranch":0,"lastFunction":0,"lastStatement":0,"seen":{}}}
,"C:\\Klubly_TFG_2026_GuillermoReyes\\frontend\\src\\components\\shared\\Badge.tsx": {"path":"C:\\Klubly_TFG_2026_GuillermoReyes\\frontend\\src\\components\\shared\\Badge.tsx","statementMap":{"0":{"start":{"line":11,"column":6},"end":{"line":47,"column":null}},"1":{"start":{"line":18,"column":17},"end":{"line":26,"column":null}},"2":{"start":{"line":28,"column":21},"end":{"line":34,"column":null}},"3":{"start":{"line":36,"column":2},"end":{"line":47,"column":null}}},"fnMap":{"0":{"name":"(anonymous_0)","decl":{"start":{"line":11,"column":6},"end":{"line":11,"column":15}},"loc":{"start":{"line":17,"column":18},"end":{"line":47,"column":null}},"line":17}},"branchMap":{"0":{"loc":{"start":{"line":13,"column":2},"end":{"line":13,"column":null}},"type":"default-arg","locations":[{"start":{"line":13,"column":12},"end":{"line":13,"column":null}}],"line":13},"1":{"loc":{"start":{"line":14,"column":2},"end":{"line":14,"column":null}},"type":"default-arg","locations":[{"start":{"line":14,"column":13},"end":{"line":14,"column":null}}],"line":14},"2":{"loc":{"start":{"line":16,"column":2},"end":{"line":16,"column":null}},"type":"default-arg","locations":[{"start":{"line":16,"column":14},"end":{"line":16,"column":null}}],"line":16},"3":{"loc":{"start":{"line":46,"column":7},"end":{"line":47,"column":null}},"type":"binary-expr","locations":[{"start":{"line":46,"column":7},"end":{"line":46,"column":15}},{"start":{"line":46,"column":15},"end":{"line":47,"column":null}}],"line":46}},"s":{"0":3,"1":118,"2":118,"3":118},"f":{"0":118},"b":{"0":[118],"1":[118],"2":[118],"3":[118,96]},"meta":{"lastBranch":4,"lastFunction":1,"lastStatement":4,"seen":{"s:11:6:47:Infinity":0,"f:11:6:11:15":0,"b:13:12:13:Infinity":0,"b:14:13:14:Infinity":1,"b:16:14:16:Infinity":2,"s:18:17:26:Infinity":1,"s:28:21:34:Infinity":2,"s:36:2:47:Infinity":3,"b:46:7:46:15:46:15:47:Infinity":3}}}
,"C:\\Klubly_TFG_2026_GuillermoReyes\\frontend\\src\\components\\shared\\Button.tsx": {"path":"C:\\Klubly_TFG_2026_GuillermoReyes\\frontend\\src\\components\\shared\\Button.tsx","statementMap":{"0":{"start":{"line":12,"column":6},"end":{"line":54,"column":null}},"1":{"start":{"line":23,"column":19},"end":{"line":30,"column":null}},"2":{"start":{"line":32,"column":16},"end":{"line":36,"column":null}},"3":{"start":{"line":38,"column":2},"end":{"line":54,"column":null}}},"fnMap":{"0":{"name":"(anonymous_0)","decl":{"start":{"line":12,"column":6},"end":{"line":12,"column":16}},"loc":{"start":{"line":21,"column":19},"end":{"line":54,"column":null}},"line":21}},"branchMap":{"0":{"loc":{"start":{"line":13,"column":2},"end":{"line":13,"column":null}},"type":"default-arg","locations":[{"start":{"line":13,"column":12},"end":{"line":13,"column":null}}],"line":13},"1":{"loc":{"start":{"line":14,"column":2},"end":{"line":14,"column":null}},"type":"default-arg","locations":[{"start":{"line":14,"column":9},"end":{"line":14,"column":null}}],"line":14},"2":{"loc":{"start":{"line":18,"column":2},"end":{"line":18,"column":null}},"type":"default-arg","locations":[{"start":{"line":18,"column":14},"end":{"line":18,"column":null}}],"line":18},"3":{"loc":{"start":{"line":40,"column":16},"end":{"line":40,"column":null}},"type":"binary-expr","locations":[{"start":{"line":40,"column":16},"end":{"line":40,"column":28}},{"start":{"line":40,"column":28},"end":{"line":40,"column":null}}],"line":40},"4":{"loc":{"start":{"line":49,"column":7},"end":{"line":54,"column":19}},"type":"cond-expr","locations":[{"start":{"line":50,"column":8},"end":{"line":52,"column":16}},{"start":{"line":52,"column":8},"end":{"line":54,"column":19}}],"line":49},"5":{"loc":{"start":{"line":52,"column":8},"end":{"line":54,"column":19}},"type":"binary-expr","locations":[{"start":{"line":52,"column":8},"end":{"line":52,"column":16}},{"start":{"line":52,"column":16},"end":{"line":54,"column":19}}],"line":52},"6":{"loc":{"start":{"line":54,"column":7},"end":{"line":54,"column":null}},"type":"binary-expr","locations":[{"start":{"line":54,"column":7},"end":{"line":54,"column":19}},{"start":{"line":54,"column":19},"end":{"line":54,"column":null}}],"line":54}},"s":{"0":5,"1":642,"2":642,"3":642},"f":{"0":642},"b":{"0":[642],"1":[642],"2":[642],"3":[642,639],"4":[3,639],"5":[639,492],"6":[642,438]},"meta":{"lastBranch":7,"lastFunction":1,"lastStatement":4,"seen":{"s:12:6:54:Infinity":0,"f:12:6:12:16":0,"b:13:12:13:Infinity":0,"b:14:9:14:Infinity":1,"b:18:14:18:Infinity":2,"s:23:19:30:Infinity":1,"s:32:16:36:Infinity":2,"s:38:2:54:Infinity":3,"b:40:16:40:28:40:28:40:Infinity":3,"b:50:8:52:16:52:8:54:19":4,"b:52:8:52:16:52:16:54:19":5,"b:54:7:54:19:54:19:54:Infinity":6}}}
,"C:\\Klubly_TFG_2026_GuillermoReyes\\frontend\\src\\components\\shared\\Card.tsx": {"path":"C:\\Klubly_TFG_2026_GuillermoReyes\\frontend\\src\\components\\shared\\Card.tsx","statementMap":{"0":{"start":{"line":9,"column":6},"end":{"line":18,"column":null}},"1":{"start":{"line":10,"column":2},"end":{"line":18,"column":null}}},"fnMap":{"0":{"name":"(anonymous_0)","decl":{"start":{"line":9,"column":6},"end":{"line":9,"column":14}},"loc":{"start":{"line":9,"column":67},"end":{"line":18,"column":null}},"line":9}},"branchMap":{"0":{"loc":{"start":{"line":9,"column":26},"end":{"line":9,"column":42}},"type":"default-arg","locations":[{"start":{"line":9,"column":38},"end":{"line":9,"column":42}}],"line":9},"1":{"loc":{"start":{"line":14,"column":10},"end":{"line":14,"column":128}},"type":"cond-expr","locations":[{"start":{"line":14,"column":20},"end":{"line":14,"column":125}},{"start":{"line":14,"column":125},"end":{"line":14,"column":128}}],"line":14}},"s":{"0":3,"1":161},"f":{"0":161},"b":{"0":[161],"1":[0,161]},"meta":{"lastBranch":2,"lastFunction":1,"lastStatement":2,"seen":{"s:9:6:18:Infinity":0,"f:9:6:9:14":0,"b:9:38:9:42":0,"s:10:2:18:Infinity":1,"b:14:20:14:125:14:125:14:128":1}}}
,"C:\\Klubly_TFG_2026_GuillermoReyes\\frontend\\src\\components\\shared\\ConfirmDialog.tsx": {"path":"C:\\Klubly_TFG_2026_GuillermoReyes\\frontend\\src\\components\\shared\\ConfirmDialog.tsx","statementMap":{"0":{"start":{"line":16,"column":6},"end":{"line":58,"column":null}},"1":{"start":{"line":27,"column":17},"end":{"line":31,"column":null}},"2":{"start":{"line":33,"column":2},"end":{"line":58,"column":null}}},"fnMap":{"0":{"name":"(anonymous_0)","decl":{"start":{"line":16,"column":6},"end":{"line":16,"column":23}},"loc":{"start":{"line":25,"column":26},"end":{"line":58,"column":null}},"line":25}},"branchMap":{"0":{"loc":{"start":{"line":22,"column":2},"end":{"line":22,"column":null}},"type":"default-arg","locations":[{"start":{"line":22,"column":17},"end":{"line":22,"column":null}}],"line":22},"1":{"loc":{"start":{"line":23,"column":2},"end":{"line":23,"column":null}},"type":"default-arg","locations":[{"start":{"line":23,"column":9},"end":{"line":23,"column":null}}],"line":23},"2":{"loc":{"start":{"line":24,"column":2},"end":{"line":24,"column":null}},"type":"default-arg","locations":[{"start":{"line":24,"column":14},"end":{"line":24,"column":null}}],"line":24}},"s":{"0":3,"1":54,"2":54},"f":{"0":54},"b":{"0":[54],"1":[54],"2":[54]},"meta":{"lastBranch":3,"lastFunction":1,"lastStatement":3,"seen":{"s:16:6:58:Infinity":0,"f:16:6:16:23":0,"b:22:17:22:Infinity":0,"b:23:9:23:Infinity":1,"b:24:14:24:Infinity":2,"s:27:17:31:Infinity":1,"s:33:2:58:Infinity":2}}}
,"C:\\Klubly_TFG_2026_GuillermoReyes\\frontend\\src\\components\\shared\\Modal.tsx": {"path":"C:\\Klubly_TFG_2026_GuillermoReyes\\frontend\\src\\components\\shared\\Modal.tsx","statementMap":{"0":{"start":{"line":12,"column":6},"end":{"line":63,"column":null}},"1":{"start":{"line":20,"column":2},"end":{"line":26,"column":null}},"2":{"start":{"line":21,"column":10},"end":{"line":22,"column":null}},"3":{"start":{"line":22,"column":6},"end":{"line":22,"column":null}},"4":{"start":{"line":22,"column":30},"end":{"line":22,"column":null}},"5":{"start":{"line":24,"column":4},"end":{"line":24,"column":null}},"6":{"start":{"line":24,"column":16},"end":{"line":24,"column":null}},"7":{"start":{"line":25,"column":4},"end":{"line":25,"column":null}},"8":{"start":{"line":25,"column":17},"end":{"line":25,"column":69}},"9":{"start":{"line":28,"column":2},"end":{"line":28,"column":null}},"10":{"start":{"line":28,"column":15},"end":{"line":28,"column":null}},"11":{"start":{"line":30,"column":22},"end":{"line":35,"column":null}},"12":{"start":{"line":37,"column":2},"end":{"line":63,"column":null}}},"fnMap":{"0":{"name":"(anonymous_0)","decl":{"start":{"line":12,"column":6},"end":{"line":12,"column":15}},"loc":{"start":{"line":18,"column":18},"end":{"line":63,"column":null}},"line":18},"1":{"name":"(anonymous_1)","decl":{"start":{"line":20,"column":2},"end":{"line":20,"column":18}},"loc":{"start":{"line":20,"column":18},"end":{"line":26,"column":6}},"line":20},"2":{"name":"(anonymous_2)","decl":{"start":{"line":21,"column":10},"end":{"line":21,"column":23}},"loc":{"start":{"line":21,"column":44},"end":{"line":22,"column":null}},"line":21},"3":{"name":"(anonymous_3)","decl":{"start":{"line":25,"column":4},"end":{"line":25,"column":17}},"loc":{"start":{"line":25,"column":17},"end":{"line":25,"column":69}},"line":25}},"branchMap":{"0":{"loc":{"start":{"line":17,"column":2},"end":{"line":17,"column":null}},"type":"default-arg","locations":[{"start":{"line":17,"column":9},"end":{"line":17,"column":null}}],"line":17},"1":{"loc":{"start":{"line":22,"column":6},"end":{"line":22,"column":null}},"type":"if","locations":[{"start":{"line":22,"column":6},"end":{"line":22,"column":null}},{"start":{},"end":{}}],"line":22},"2":{"loc":{"start":{"line":24,"column":4},"end":{"line":24,"column":null}},"type":"if","locations":[{"start":{"line":24,"column":4},"end":{"line":24,"column":null}},{"start":{},"end":{}}],"line":24},"3":{"loc":{"start":{"line":28,"column":2},"end":{"line":28,"column":null}},"type":"if","locations":[{"start":{"line":28,"column":2},"end":{"line":28,"column":null}},{"start":{},"end":{}}],"line":28}},"s":{"0":4,"1":294,"2":293,"3":1,"4":1,"5":293,"6":14,"7":293,"8":293,"9":294,"10":279,"11":15,"12":15},"f":{"0":294,"1":293,"2":1,"3":293},"b":{"0":[294],"1":[1,0],"2":[14,279],"3":[279,15]},"meta":{"lastBranch":4,"lastFunction":4,"lastStatement":13,"seen":{"s:12:6:63:Infinity":0,"f:12:6:12:15":0,"b:17:9:17:Infinity":0,"s:20:2:26:Infinity":1,"f:20:2:20:18":1,"s:21:10:22:Infinity":2,"f:21:10:21:23":2,"b:22:6:22:Infinity:undefined:undefined:undefined:undefined":1,"s:22:6:22:Infinity":3,"s:22:30:22:Infinity":4,"b:24:4:24:Infinity:undefined:undefined:undefined:undefined":2,"s:24:4:24:Infinity":5,"s:24:16:24:Infinity":6,"s:25:4:25:Infinity":7,"f:25:4:25:17":3,"s:25:17:25:69":8,"b:28:2:28:Infinity:undefined:undefined:undefined:undefined":3,"s:28:2:28:Infinity":9,"s:28:15:28:Infinity":10,"s:30:22:35:Infinity":11,"s:37:2:63:Infinity":12}}}
,"C:\\Klubly_TFG_2026_GuillermoReyes\\frontend\\src\\components\\shared\\PageHeader.tsx": {"path":"C:\\Klubly_TFG_2026_GuillermoReyes\\frontend\\src\\components\\shared\\PageHeader.tsx","statementMap":{"0":{"start":{"line":11,"column":6},"end":{"line":29,"column":null}},"1":{"start":{"line":12,"column":2},"end":{"line":29,"column":null}}},"fnMap":{"0":{"name":"(anonymous_0)","decl":{"start":{"line":11,"column":6},"end":{"line":11,"column":20}},"loc":{"start":{"line":11,"column":80},"end":{"line":29,"column":null}},"line":11}},"branchMap":{"0":{"loc":{"start":{"line":19,"column":11},"end":{"line":20,"column":null}},"type":"binary-expr","locations":[{"start":{"line":19,"column":11},"end":{"line":19,"column":23}},{"start":{"line":19,"column":23},"end":{"line":20,"column":null}}],"line":19},"1":{"loc":{"start":{"line":23,"column":11},"end":{"line":26,"column":22}},"type":"binary-expr","locations":[{"start":{"line":23,"column":11},"end":{"line":23,"column":null}},{"start":{"line":24,"column":12},"end":{"line":26,"column":22}}],"line":23},"2":{"loc":{"start":{"line":26,"column":11},"end":{"line":26,"column":null}},"type":"binary-expr","locations":[{"start":{"line":26,"column":11},"end":{"line":26,"column":22}},{"start":{"line":26,"column":22},"end":{"line":26,"column":null}}],"line":26}},"s":{"0":3,"1":54},"f":{"0":54},"b":{"0":[54,34],"1":[54,54],"2":[54,54]},"meta":{"lastBranch":3,"lastFunction":1,"lastStatement":2,"seen":{"s:11:6:29:Infinity":0,"f:11:6:11:20":0,"s:12:2:29:Infinity":1,"b:19:11:19:23:19:23:20:Infinity":0,"b:23:11:23:Infinity:24:12:26:22":1,"b:26:11:26:22:26:22:26:Infinity":2}}}
,"C:\\Klubly_TFG_2026_GuillermoReyes\\frontend\\src\\components\\shared\\SearchBar.tsx": {"path":"C:\\Klubly_TFG_2026_GuillermoReyes\\frontend\\src\\components\\shared\\SearchBar.tsx","statementMap":{"0":{"start":{"line":9,"column":6},"end":{"line":18,"column":null}},"1":{"start":{"line":10,"column":2},"end":{"line":18,"column":null}},"2":{"start":{"line":16,"column":25},"end":{"line":16,"column":49}}},"fnMap":{"0":{"name":"(anonymous_0)","decl":{"start":{"line":9,"column":6},"end":{"line":9,"column":19}},"loc":{"start":{"line":9,"column":95},"end":{"line":18,"column":null}},"line":9},"1":{"name":"(anonymous_1)","decl":{"start":{"line":16,"column":8},"end":{"line":16,"column":19}},"loc":{"start":{"line":16,"column":25},"end":{"line":16,"column":49}},"line":16}},"branchMap":{"0":{"loc":{"start":{"line":9,"column":21},"end":{"line":9,"column":48}},"type":"default-arg","locations":[{"start":{"line":9,"column":35},"end":{"line":9,"column":48}}],"line":9},"1":{"loc":{"start":{"line":9,"column":58},"end":{"line":9,"column":95}},"type":"default-arg","locations":[{"start":{"line":9,"column":70},"end":{"line":9,"column":95}}],"line":9}},"s":{"0":3,"1":54,"2":16},"f":{"0":54,"1":16},"b":{"0":[54],"1":[54]},"meta":{"lastBranch":2,"lastFunction":2,"lastStatement":3,"seen":{"s:9:6:18:Infinity":0,"f:9:6:9:19":0,"b:9:35:9:48":0,"b:9:70:9:95":1,"s:10:2:18:Infinity":1,"f:16:8:16:19":1,"s:16:25:16:49":2}}}
,"C:\\Klubly_TFG_2026_GuillermoReyes\\frontend\\src\\components\\shared\\SuccessDialog.tsx": {"path":"C:\\Klubly_TFG_2026_GuillermoReyes\\frontend\\src\\components\\shared\\SuccessDialog.tsx","statementMap":{"0":{"start":{"line":12,"column":6},"end":{"line":23,"column":null}},"1":{"start":{"line":13,"column":2},"end":{"line":23,"column":null}}},"fnMap":{"0":{"name":"(anonymous_0)","decl":{"start":{"line":12,"column":6},"end":{"line":12,"column":23}},"loc":{"start":{"line":13,"column":2},"end":{"line":23,"column":null}},"line":13}},"branchMap":{},"s":{"0":3,"1":54},"f":{"0":54},"b":{},"meta":{"lastBranch":0,"lastFunction":1,"lastStatement":2,"seen":{"s:12:6:23:Infinity":0,"f:12:6:12:23":0,"s:13:2:23:Infinity":1}}}
,"C:\\Klubly_TFG_2026_GuillermoReyes\\frontend\\src\\components\\shared\\SummaryCard.tsx": {"path":"C:\\Klubly_TFG_2026_GuillermoReyes\\frontend\\src\\components\\shared\\SummaryCard.tsx","statementMap":{"0":{"start":{"line":12,"column":6},"end":{"line":40,"column":null}},"1":{"start":{"line":19,"column":17},"end":{"line":24,"column":null}},"2":{"start":{"line":26,"column":23},"end":{"line":26,"column":null}},"3":{"start":{"line":28,"column":2},"end":{"line":40,"column":null}}},"fnMap":{"0":{"name":"(anonymous_0)","decl":{"start":{"line":12,"column":6},"end":{"line":12,"column":21}},"loc":{"start":{"line":18,"column":24},"end":{"line":40,"column":null}},"line":18}},"branchMap":{"0":{"loc":{"start":{"line":16,"column":2},"end":{"line":16,"column":null}},"type":"default-arg","locations":[{"start":{"line":16,"column":12},"end":{"line":16,"column":null}}],"line":16},"1":{"loc":{"start":{"line":17,"column":2},"end":{"line":17,"column":null}},"type":"default-arg","locations":[{"start":{"line":17,"column":14},"end":{"line":17,"column":null}}],"line":17}},"s":{"0":3,"1":91,"2":91,"3":91},"f":{"0":91},"b":{"0":[91],"1":[91]},"meta":{"lastBranch":2,"lastFunction":1,"lastStatement":4,"seen":{"s:12:6:40:Infinity":0,"f:12:6:12:21":0,"b:16:12:16:Infinity":0,"b:17:14:17:Infinity":1,"s:19:17:24:Infinity":1,"s:26:23:26:Infinity":2,"s:28:2:40:Infinity":3}}}
,"C:\\Klubly_TFG_2026_GuillermoReyes\\frontend\\src\\features\\activities\\components\\ActivityCard.tsx": {"path":"C:\\Klubly_TFG_2026_GuillermoReyes\\frontend\\src\\features\\activities\\components\\ActivityCard.tsx","statementMap":{"0":{"start":{"line":29,"column":6},"end":{"line":258,"column":null}},"1":{"start":{"line":37,"column":24},"end":{"line":37,"column":59}},"2":{"start":{"line":39,"column":17},"end":{"line":39,"column":null}},"3":{"start":{"line":40,"column":30},"end":{"line":40,"column":null}},"4":{"start":{"line":42,"column":8},"end":{"line":50,"column":null}},"5":{"start":{"line":43,"column":17},"end":{"line":43,"column":34}},"6":{"start":{"line":44,"column":4},"end":{"line":50,"column":null}},"7":{"start":{"line":53,"column":25},"end":{"line":61,"column":null}},"8":{"start":{"line":54,"column":4},"end":{"line":61,"column":null}},"9":{"start":{"line":55,"column":6},"end":{"line":55,"column":null}},"10":{"start":{"line":56,"column":6},"end":{"line":56,"column":null}},"11":{"start":{"line":57,"column":6},"end":{"line":57,"column":null}},"12":{"start":{"line":59,"column":6},"end":{"line":59,"column":null}},"13":{"start":{"line":61,"column":6},"end":{"line":61,"column":null}},"14":{"start":{"line":65,"column":27},"end":{"line":75,"column":null}},"15":{"start":{"line":66,"column":4},"end":{"line":75,"column":null}},"16":{"start":{"line":67,"column":6},"end":{"line":67,"column":null}},"17":{"start":{"line":68,"column":6},"end":{"line":68,"column":null}},"18":{"start":{"line":69,"column":6},"end":{"line":69,"column":null}},"19":{"start":{"line":71,"column":6},"end":{"line":73,"column":null}},"20":{"start":{"line":75,"column":6},"end":{"line":75,"column":null}},"21":{"start":{"line":79,"column":8},"end":{"line":117,"column":null}},"22":{"start":{"line":80,"column":4},"end":{"line":91,"column":null}},"23":{"start":{"line":81,"column":6},"end":{"line":91,"column":null}},"24":{"start":{"line":95,"column":4},"end":{"line":103,"column":null}},"25":{"start":{"line":96,"column":6},"end":{"line":103,"column":null}},"26":{"start":{"line":107,"column":4},"end":{"line":117,"column":null}},"27":{"start":{"line":121,"column":17},"end":{"line":121,"column":58}},"28":{"start":{"line":123,"column":2},"end":{"line":258,"column":null}},"29":{"start":{"line":174,"column":14},"end":{"line":176,"column":null}},"30":{"start":{"line":222,"column":27},"end":{"line":222,"column":null}},"31":{"start":{"line":230,"column":29},"end":{"line":230,"column":null}},"32":{"start":{"line":240,"column":29},"end":{"line":240,"column":null}}},"fnMap":{"0":{"name":"(anonymous_0)","decl":{"start":{"line":29,"column":6},"end":{"line":29,"column":51}},"loc":{"start":{"line":36,"column":6},"end":{"line":258,"column":null}},"line":36},"1":{"name":"(anonymous_1)","decl":{"start":{"line":42,"column":8},"end":{"line":42,"column":22}},"loc":{"start":{"line":42,"column":42},"end":{"line":50,"column":null}},"line":42},"2":{"name":"(anonymous_2)","decl":{"start":{"line":53,"column":25},"end":{"line":53,"column":37}},"loc":{"start":{"line":53,"column":37},"end":{"line":61,"column":null}},"line":53},"3":{"name":"(anonymous_3)","decl":{"start":{"line":65,"column":27},"end":{"line":65,"column":39}},"loc":{"start":{"line":65,"column":39},"end":{"line":75,"column":null}},"line":65},"4":{"name":"(anonymous_4)","decl":{"start":{"line":79,"column":8},"end":{"line":79,"column":36}},"loc":{"start":{"line":79,"column":36},"end":{"line":117,"column":null}},"line":79},"5":{"name":"(anonymous_5)","decl":{"start":{"line":173,"column":31},"end":{"line":173,"column":36}},"loc":{"start":{"line":174,"column":14},"end":{"line":176,"column":null}},"line":174},"6":{"name":"(anonymous_6)","decl":{"start":{"line":222,"column":12},"end":{"line":222,"column":27}},"loc":{"start":{"line":222,"column":27},"end":{"line":222,"column":null}},"line":222},"7":{"name":"(anonymous_7)","decl":{"start":{"line":230,"column":14},"end":{"line":230,"column":29}},"loc":{"start":{"line":230,"column":29},"end":{"line":230,"column":null}},"line":230},"8":{"name":"(anonymous_8)","decl":{"start":{"line":240,"column":14},"end":{"line":240,"column":29}},"loc":{"start":{"line":240,"column":29},"end":{"line":240,"column":null}},"line":240}},"branchMap":{"0":{"loc":{"start":{"line":59,"column":12},"end":{"line":59,"column":68}},"type":"binary-expr","locations":[{"start":{"line":59,"column":12},"end":{"line":59,"column":45}},{"start":{"line":59,"column":45},"end":{"line":59,"column":68}}],"line":59},"1":{"loc":{"start":{"line":72,"column":8},"end":{"line":72,"column":null}},"type":"binary-expr","locations":[{"start":{"line":72,"column":8},"end":{"line":72,"column":41}},{"start":{"line":72,"column":41},"end":{"line":72,"column":null}}],"line":72},"2":{"loc":{"start":{"line":80,"column":4},"end":{"line":91,"column":null}},"type":"if","locations":[{"start":{"line":80,"column":4},"end":{"line":91,"column":null}},{"start":{},"end":{}}],"line":80},"3":{"loc":{"start":{"line":95,"column":4},"end":{"line":103,"column":null}},"type":"if","locations":[{"start":{"line":95,"column":4},"end":{"line":103,"column":null}},{"start":{},"end":{}}],"line":95},"4":{"loc":{"start":{"line":125,"column":147},"end":{"line":125,"column":183}},"type":"cond-expr","locations":[{"start":{"line":125,"column":165},"end":{"line":125,"column":170}},{"start":{"line":125,"column":170},"end":{"line":125,"column":183}}],"line":125},"5":{"loc":{"start":{"line":125,"column":186},"end":{"line":125,"column":null}},"type":"cond-expr","locations":[{"start":{"line":125,"column":195},"end":{"line":125,"column":237}},{"start":{"line":125,"column":237},"end":{"line":125,"column":null}}],"line":125},"6":{"loc":{"start":{"line":162,"column":13},"end":{"line":162,"column":null}},"type":"binary-expr","locations":[{"start":{"line":162,"column":13},"end":{"line":162,"column":34}},{"start":{"line":162,"column":34},"end":{"line":162,"column":null}}],"line":162},"7":{"loc":{"start":{"line":172,"column":11},"end":{"line":179,"column":null}},"type":"cond-expr","locations":[{"start":{"line":173,"column":12},"end":{"line":176,"column":null}},{"start":{"line":179,"column":12},"end":{"line":179,"column":null}}],"line":172},"8":{"loc":{"start":{"line":191,"column":23},"end":{"line":191,"column":null}},"type":"cond-expr","locations":[{"start":{"line":191,"column":32},"end":{"line":191,"column":49}},{"start":{"line":191,"column":49},"end":{"line":191,"column":null}}],"line":191},"9":{"loc":{"start":{"line":194,"column":44},"end":{"line":194,"column":null}},"type":"cond-expr","locations":[{"start":{"line":194,"column":53},"end":{"line":194,"column":70}},{"start":{"line":194,"column":70},"end":{"line":194,"column":null}}],"line":194},"10":{"loc":{"start":{"line":206,"column":19},"end":{"line":206,"column":null}},"type":"cond-expr","locations":[{"start":{"line":206,"column":37},"end":{"line":206,"column":47}},{"start":{"line":206,"column":47},"end":{"line":206,"column":null}}],"line":206},"11":{"loc":{"start":{"line":208,"column":12},"end":{"line":208,"column":null}},"type":"cond-expr","locations":[{"start":{"line":208,"column":30},"end":{"line":208,"column":60}},{"start":{"line":208,"column":59},"end":{"line":208,"column":null}}],"line":208},"12":{"loc":{"start":{"line":211,"column":11},"end":{"line":211,"column":null}},"type":"cond-expr","locations":[{"start":{"line":211,"column":29},"end":{"line":211,"column":40}},{"start":{"line":211,"column":40},"end":{"line":211,"column":null}}],"line":211},"13":{"loc":{"start":{"line":224,"column":11},"end":{"line":231,"column":null}},"type":"binary-expr","locations":[{"start":{"line":224,"column":11},"end":{"line":224,"column":null}},{"start":{"line":225,"column":12},"end":{"line":231,"column":null}}],"line":224},"14":{"loc":{"start":{"line":233,"column":11},"end":{"line":241,"column":null}},"type":"binary-expr","locations":[{"start":{"line":233,"column":11},"end":{"line":233,"column":null}},{"start":{"line":234,"column":12},"end":{"line":241,"column":null}}],"line":233},"15":{"loc":{"start":{"line":245,"column":9},"end":{"line":252,"column":null}},"type":"binary-expr","locations":[{"start":{"line":245,"column":9},"end":{"line":245,"column":null}},{"start":{"line":246,"column":10},"end":{"line":252,"column":null}}],"line":245},"16":{"loc":{"start":{"line":255,"column":9},"end":{"line":258,"column":null}},"type":"binary-expr","locations":[{"start":{"line":255,"column":9},"end":{"line":255,"column":null}},{"start":{"line":256,"column":10},"end":{"line":258,"column":null}}],"line":255}},"s":{"0":1,"1":22,"2":22,"3":22,"4":22,"5":22,"6":22,"7":22,"8":0,"9":0,"10":0,"11":0,"12":0,"13":0,"14":22,"15":0,"16":0,"17":0,"18":0,"19":0,"20":0,"21":22,"22":1,"23":1,"24":0,"25":0,"26":0,"27":22,"28":22,"29":8,"30":0,"31":0,"32":1},"f":{"0":22,"1":22,"2":0,"3":0,"4":1,"5":8,"6":0,"7":0,"8":1},"b":{"0":[0,0],"1":[0,0],"2":[1,0],"3":[0,0],"4":[22,0],"5":[0,22],"6":[22,0],"7":[8,14],"8":[14,8],"9":[14,8],"10":[22,0],"11":[22,0],"12":[22,0],"13":[22,21],"14":[22,21],"15":[22,0],"16":[22,1]},"meta":{"lastBranch":17,"lastFunction":9,"lastStatement":33,"seen":{"s:29:6:258:Infinity":0,"f:29:6:29:51":0,"s:37:24:37:59":1,"s:39:17:39:Infinity":2,"s:40:30:40:Infinity":3,"s:42:8:50:Infinity":4,"f:42:8:42:22":1,"s:43:17:43:34":5,"s:44:4:50:Infinity":6,"s:53:25:61:Infinity":7,"f:53:25:53:37":2,"s:54:4:61:Infinity":8,"s:55:6:55:Infinity":9,"s:56:6:56:Infinity":10,"s:57:6:57:Infinity":11,"s:59:6:59:Infinity":12,"b:59:12:59:45:59:45:59:68":0,"s:61:6:61:Infinity":13,"s:65:27:75:Infinity":14,"f:65:27:65:39":3,"s:66:4:75:Infinity":15,"s:67:6:67:Infinity":16,"s:68:6:68:Infinity":17,"s:69:6:69:Infinity":18,"s:71:6:73:Infinity":19,"b:72:8:72:41:72:41:72:Infinity":1,"s:75:6:75:Infinity":20,"s:79:8:117:Infinity":21,"f:79:8:79:36":4,"b:80:4:91:Infinity:undefined:undefined:undefined:undefined":2,"s:80:4:91:Infinity":22,"s:81:6:91:Infinity":23,"b:95:4:103:Infinity:undefined:undefined:undefined:undefined":3,"s:95:4:103:Infinity":24,"s:96:6:103:Infinity":25,"s:107:4:117:Infinity":26,"s:121:17:121:58":27,"s:123:2:258:Infinity":28,"b:125:165:125:170:125:170:125:183":4,"b:125:195:125:237:125:237:125:Infinity":5,"b:162:13:162:34:162:34:162:Infinity":6,"b:173:12:176:Infinity:179:12:179:Infinity":7,"f:173:31:173:36":5,"s:174:14:176:Infinity":29,"b:191:32:191:49:191:49:191:Infinity":8,"b:194:53:194:70:194:70:194:Infinity":9,"b:206:37:206:47:206:47:206:Infinity":10,"b:208:30:208:60:208:59:208:Infinity":11,"b:211:29:211:40:211:40:211:Infinity":12,"f:222:12:222:27":6,"s:222:27:222:Infinity":30,"b:224:11:224:Infinity:225:12:231:Infinity":13,"f:230:14:230:29":7,"s:230:29:230:Infinity":31,"b:233:11:233:Infinity:234:12:241:Infinity":14,"f:240:14:240:29":8,"s:240:29:240:Infinity":32,"b:245:9:245:Infinity:246:10:252:Infinity":15,"b:255:9:255:Infinity:256:10:258:Infinity":16}}}
,"C:\\Klubly_TFG_2026_GuillermoReyes\\frontend\\src\\features\\activities\\components\\ActivityDetails.tsx": {"path":"C:\\Klubly_TFG_2026_GuillermoReyes\\frontend\\src\\features\\activities\\components\\ActivityDetails.tsx","statementMap":{"0":{"start":{"line":15,"column":6},"end":{"line":198,"column":null}},"1":{"start":{"line":19,"column":22},"end":{"line":19,"column":50}},"2":{"start":{"line":20,"column":18},"end":{"line":20,"column":null}},"3":{"start":{"line":21,"column":18},"end":{"line":21,"column":null}},"4":{"start":{"line":23,"column":23},"end":{"line":23,"column":57}},"5":{"start":{"line":25,"column":8},"end":{"line":26,"column":null}},"6":{"start":{"line":26,"column":4},"end":{"line":26,"column":null}},"7":{"start":{"line":28,"column":17},"end":{"line":28,"column":null}},"8":{"start":{"line":30,"column":2},"end":{"line":198,"column":null}},"9":{"start":{"line":52,"column":18},"end":{"line":54,"column":null}},"10":{"start":{"line":136,"column":27},"end":{"line":136,"column":48}},"11":{"start":{"line":190,"column":23},"end":{"line":190,"column":45}},"12":{"start":{"line":196,"column":25},"end":{"line":196,"column":null}}},"fnMap":{"0":{"name":"(anonymous_0)","decl":{"start":{"line":15,"column":6},"end":{"line":15,"column":57}},"loc":{"start":{"line":18,"column":6},"end":{"line":198,"column":null}},"line":18},"1":{"name":"(anonymous_1)","decl":{"start":{"line":25,"column":8},"end":{"line":25,"column":22}},"loc":{"start":{"line":26,"column":4},"end":{"line":26,"column":null}},"line":26},"2":{"name":"(anonymous_2)","decl":{"start":{"line":51,"column":35},"end":{"line":51,"column":40}},"loc":{"start":{"line":52,"column":18},"end":{"line":54,"column":null}},"line":52},"3":{"name":"(anonymous_3)","decl":{"start":{"line":136,"column":12},"end":{"line":136,"column":27}},"loc":{"start":{"line":136,"column":27},"end":{"line":136,"column":48}},"line":136},"4":{"name":"(anonymous_4)","decl":{"start":{"line":190,"column":8},"end":{"line":190,"column":23}},"loc":{"start":{"line":190,"column":23},"end":{"line":190,"column":45}},"line":190},"5":{"name":"(anonymous_5)","decl":{"start":{"line":196,"column":10},"end":{"line":196,"column":25}},"loc":{"start":{"line":196,"column":25},"end":{"line":196,"column":null}},"line":196}},"branchMap":{"0":{"loc":{"start":{"line":26,"column":4},"end":{"line":26,"column":null}},"type":"cond-expr","locations":[{"start":{"line":26,"column":14},"end":{"line":26,"column":55}},{"start":{"line":26,"column":58},"end":{"line":26,"column":null}}],"line":26},"1":{"loc":{"start":{"line":40,"column":28},"end":{"line":40,"column":null}},"type":"cond-expr","locations":[{"start":{"line":40,"column":46},"end":{"line":40,"column":56}},{"start":{"line":40,"column":56},"end":{"line":40,"column":null}}],"line":40},"2":{"loc":{"start":{"line":41,"column":15},"end":{"line":41,"column":null}},"type":"cond-expr","locations":[{"start":{"line":41,"column":33},"end":{"line":41,"column":44}},{"start":{"line":41,"column":44},"end":{"line":41,"column":null}}],"line":41},"3":{"loc":{"start":{"line":50,"column":15},"end":{"line":57,"column":null}},"type":"cond-expr","locations":[{"start":{"line":51,"column":16},"end":{"line":54,"column":null}},{"start":{"line":57,"column":16},"end":{"line":57,"column":null}}],"line":50},"4":{"loc":{"start":{"line":67,"column":15},"end":{"line":67,"column":null}},"type":"binary-expr","locations":[{"start":{"line":67,"column":15},"end":{"line":67,"column":39}},{"start":{"line":67,"column":39},"end":{"line":67,"column":null}}],"line":67},"5":{"loc":{"start":{"line":104,"column":17},"end":{"line":104,"column":null}},"type":"binary-expr","locations":[{"start":{"line":104,"column":17},"end":{"line":104,"column":38}},{"start":{"line":104,"column":38},"end":{"line":104,"column":null}}],"line":104},"6":{"loc":{"start":{"line":115,"column":41},"end":{"line":115,"column":null}},"type":"cond-expr","locations":[{"start":{"line":115,"column":50},"end":{"line":115,"column":77}},{"start":{"line":115,"column":77},"end":{"line":115,"column":null}}],"line":115},"7":{"loc":{"start":{"line":131,"column":10},"end":{"line":139,"column":null}},"type":"binary-expr","locations":[{"start":{"line":131,"column":10},"end":{"line":131,"column":21}},{"start":{"line":131,"column":21},"end":{"line":131,"column":33}},{"start":{"line":131,"column":33},"end":{"line":131,"column":null}},{"start":{"line":132,"column":10},"end":{"line":139,"column":null}}],"line":131},"8":{"loc":{"start":{"line":144,"column":7},"end":{"line":184,"column":null}},"type":"binary-expr","locations":[{"start":{"line":144,"column":7},"end":{"line":144,"column":null}},{"start":{"line":145,"column":8},"end":{"line":184,"column":null}}],"line":144},"9":{"loc":{"start":{"line":147,"column":37},"end":{"line":147,"column":null}},"type":"cond-expr","locations":[{"start":{"line":147,"column":75},"end":{"line":147,"column":91}},{"start":{"line":147,"column":91},"end":{"line":147,"column":null}}],"line":147},"10":{"loc":{"start":{"line":147,"column":37},"end":{"line":147,"column":75}},"type":"binary-expr","locations":[{"start":{"line":147,"column":37},"end":{"line":147,"column":54}},{"start":{"line":147,"column":54},"end":{"line":147,"column":75}}],"line":147},"11":{"loc":{"start":{"line":156,"column":17},"end":{"line":156,"column":null}},"type":"cond-expr","locations":[{"start":{"line":156,"column":38},"end":{"line":156,"column":68}},{"start":{"line":156,"column":71},"end":{"line":156,"column":null}}],"line":156},"12":{"loc":{"start":{"line":167,"column":17},"end":{"line":167,"column":null}},"type":"cond-expr","locations":[{"start":{"line":167,"column":38},"end":{"line":167,"column":68}},{"start":{"line":167,"column":71},"end":{"line":167,"column":null}}],"line":167},"13":{"loc":{"start":{"line":172,"column":13},"end":{"line":180,"column":null}},"type":"binary-expr","locations":[{"start":{"line":172,"column":13},"end":{"line":172,"column":30}},{"start":{"line":172,"column":30},"end":{"line":172,"column":null}},{"start":{"line":173,"column":14},"end":{"line":180,"column":null}}],"line":172}},"s":{"0":1,"1":0,"2":0,"3":0,"4":0,"5":0,"6":0,"7":0,"8":0,"9":0,"10":0,"11":0,"12":0},"f":{"0":0,"1":0,"2":0,"3":0,"4":0,"5":0},"b":{"0":[0,0],"1":[0,0],"2":[0,0],"3":[0,0],"4":[0,0],"5":[0,0],"6":[0,0],"7":[0,0,0,0],"8":[0,0],"9":[0,0],"10":[0,0],"11":[0,0],"12":[0,0],"13":[0,0,0]},"meta":{"lastBranch":14,"lastFunction":6,"lastStatement":13,"seen":{"s:15:6:198:Infinity":0,"f:15:6:15:57":0,"s:19:22:19:50":1,"s:20:18:20:Infinity":2,"s:21:18:21:Infinity":3,"s:23:23:23:57":4,"s:25:8:26:Infinity":5,"f:25:8:25:22":1,"s:26:4:26:Infinity":6,"b:26:14:26:55:26:58:26:Infinity":0,"s:28:17:28:Infinity":7,"s:30:2:198:Infinity":8,"b:40:46:40:56:40:56:40:Infinity":1,"b:41:33:41:44:41:44:41:Infinity":2,"b:51:16:54:Infinity:57:16:57:Infinity":3,"f:51:35:51:40":2,"s:52:18:54:Infinity":9,"b:67:15:67:39:67:39:67:Infinity":4,"b:104:17:104:38:104:38:104:Infinity":5,"b:115:50:115:77:115:77:115:Infinity":6,"b:131:10:131:21:131:21:131:33:131:33:131:Infinity:132:10:139:Infinity":7,"f:136:12:136:27":3,"s:136:27:136:48":10,"b:144:7:144:Infinity:145:8:184:Infinity":8,"b:147:75:147:91:147:91:147:Infinity":9,"b:147:37:147:54:147:54:147:75":10,"b:156:38:156:68:156:71:156:Infinity":11,"b:167:38:167:68:167:71:167:Infinity":12,"b:172:13:172:30:172:30:172:Infinity:173:14:180:Infinity":13,"f:190:8:190:23":4,"s:190:23:190:45":11,"f:196:10:196:25":5,"s:196:25:196:Infinity":12}}}
,"C:\\Klubly_TFG_2026_GuillermoReyes\\frontend\\src\\features\\activities\\components\\ActivityFilters.tsx": {"path":"C:\\Klubly_TFG_2026_GuillermoReyes\\frontend\\src\\features\\activities\\components\\ActivityFilters.tsx","statementMap":{"0":{"start":{"line":17,"column":6},"end":{"line":207,"column":null}},"1":{"start":{"line":22,"column":22},"end":{"line":22,"column":50}},"2":{"start":{"line":23,"column":18},"end":{"line":23,"column":null}},"3":{"start":{"line":24,"column":19},"end":{"line":24,"column":null}},"4":{"start":{"line":26,"column":25},"end":{"line":26,"column":66}},"5":{"start":{"line":28,"column":2},"end":{"line":48,"column":null}},"6":{"start":{"line":29,"column":22},"end":{"line":44,"column":null}},"7":{"start":{"line":30,"column":6},"end":{"line":44,"column":null}},"8":{"start":{"line":31,"column":21},"end":{"line":31,"column":47}},"9":{"start":{"line":32,"column":28},"end":{"line":32,"column":null}},"10":{"start":{"line":34,"column":8},"end":{"line":39,"column":null}},"11":{"start":{"line":35,"column":30},"end":{"line":35,"column":56}},"12":{"start":{"line":39,"column":10},"end":{"line":39,"column":null}},"13":{"start":{"line":39,"column":38},"end":{"line":39,"column":72}},"14":{"start":{"line":42,"column":8},"end":{"line":42,"column":null}},"15":{"start":{"line":44,"column":8},"end":{"line":44,"column":null}},"16":{"start":{"line":47,"column":4},"end":{"line":47,"column":null}},"17":{"start":{"line":50,"column":8},"end":{"line":55,"column":null}},"18":{"start":{"line":51,"column":4},"end":{"line":55,"column":null}},"19":{"start":{"line":58,"column":8},"end":{"line":62,"column":null}},"20":{"start":{"line":59,"column":22},"end":{"line":61,"column":32}},"21":{"start":{"line":60,"column":37},"end":{"line":60,"column":47}},"22":{"start":{"line":62,"column":4},"end":{"line":62,"column":null}},"23":{"start":{"line":66,"column":8},"end":{"line":71,"column":null}},"24":{"start":{"line":67,"column":23},"end":{"line":67,"column":53}},"25":{"start":{"line":68,"column":21},"end":{"line":70,"column":34}},"26":{"start":{"line":69,"column":37},"end":{"line":69,"column":51}},"27":{"start":{"line":71,"column":4},"end":{"line":71,"column":null}},"28":{"start":{"line":74,"column":22},"end":{"line":74,"column":null}},"29":{"start":{"line":79,"column":22},"end":{"line":79,"column":null}},"30":{"start":{"line":81,"column":2},"end":{"line":207,"column":null}},"31":{"start":{"line":99,"column":16},"end":{"line":102,"column":null}},"32":{"start":{"line":116,"column":16},"end":{"line":119,"column":null}},"33":{"start":{"line":135,"column":27},"end":{"line":135,"column":40}},"34":{"start":{"line":147,"column":31},"end":{"line":147,"column":62}},"35":{"start":{"line":148,"column":12},"end":{"line":160,"column":null}},"36":{"start":{"line":152,"column":31},"end":{"line":152,"column":50}},"37":{"start":{"line":177,"column":14},"end":{"line":189,"column":null}},"38":{"start":{"line":180,"column":31},"end":{"line":180,"column":54}}},"fnMap":{"0":{"name":"(anonymous_0)","decl":{"start":{"line":17,"column":6},"end":{"line":17,"column":57}},"loc":{"start":{"line":21,"column":6},"end":{"line":207,"column":null}},"line":21},"1":{"name":"(anonymous_1)","decl":{"start":{"line":28,"column":2},"end":{"line":28,"column":18}},"loc":{"start":{"line":28,"column":18},"end":{"line":48,"column":6}},"line":28},"2":{"name":"(anonymous_2)","decl":{"start":{"line":29,"column":22},"end":{"line":29,"column":34}},"loc":{"start":{"line":29,"column":34},"end":{"line":44,"column":null}},"line":29},"3":{"name":"(anonymous_3)","decl":{"start":{"line":39,"column":24},"end":{"line":39,"column":32}},"loc":{"start":{"line":39,"column":38},"end":{"line":39,"column":72}},"line":39},"4":{"name":"(anonymous_4)","decl":{"start":{"line":50,"column":8},"end":{"line":50,"column":28}},"loc":{"start":{"line":50,"column":28},"end":{"line":55,"column":null}},"line":50},"5":{"name":"(anonymous_5)","decl":{"start":{"line":58,"column":8},"end":{"line":58,"column":24}},"loc":{"start":{"line":58,"column":41},"end":{"line":62,"column":null}},"line":58},"6":{"name":"(anonymous_6)","decl":{"start":{"line":60,"column":23},"end":{"line":60,"column":31}},"loc":{"start":{"line":60,"column":37},"end":{"line":60,"column":47}},"line":60},"7":{"name":"(anonymous_7)","decl":{"start":{"line":66,"column":8},"end":{"line":66,"column":22}},"loc":{"start":{"line":66,"column":41},"end":{"line":71,"column":null}},"line":66},"8":{"name":"(anonymous_8)","decl":{"start":{"line":69,"column":22},"end":{"line":69,"column":30}},"loc":{"start":{"line":69,"column":37},"end":{"line":69,"column":51}},"line":69},"9":{"name":"(anonymous_9)","decl":{"start":{"line":98,"column":14},"end":{"line":98,"column":25}},"loc":{"start":{"line":99,"column":16},"end":{"line":102,"column":null}},"line":99},"10":{"name":"(anonymous_10)","decl":{"start":{"line":115,"column":14},"end":{"line":115,"column":25}},"loc":{"start":{"line":116,"column":16},"end":{"line":119,"column":null}},"line":116},"11":{"name":"(anonymous_11)","decl":{"start":{"line":135,"column":12},"end":{"line":135,"column":27}},"loc":{"start":{"line":135,"column":27},"end":{"line":135,"column":40}},"line":135},"12":{"name":"(anonymous_12)","decl":{"start":{"line":146,"column":26},"end":{"line":146,"column":31}},"loc":{"start":{"line":146,"column":40},"end":{"line":162,"column":null}},"line":146},"13":{"name":"(anonymous_13)","decl":{"start":{"line":152,"column":16},"end":{"line":152,"column":31}},"loc":{"start":{"line":152,"column":31},"end":{"line":152,"column":50}},"line":152},"14":{"name":"(anonymous_14)","decl":{"start":{"line":176,"column":14},"end":{"line":176,"column":19}},"loc":{"start":{"line":177,"column":14},"end":{"line":189,"column":null}},"line":177},"15":{"name":"(anonymous_15)","decl":{"start":{"line":180,"column":16},"end":{"line":180,"column":31}},"loc":{"start":{"line":180,"column":31},"end":{"line":180,"column":54}},"line":180}},"branchMap":{"0":{"loc":{"start":{"line":34,"column":8},"end":{"line":39,"column":null}},"type":"if","locations":[{"start":{"line":34,"column":8},"end":{"line":39,"column":null}},{"start":{},"end":{}}],"line":34},"1":{"loc":{"start":{"line":35,"column":30},"end":{"line":35,"column":56}},"type":"binary-expr","locations":[{"start":{"line":35,"column":30},"end":{"line":35,"column":54}},{"start":{"line":35,"column":54},"end":{"line":35,"column":56}}],"line":35},"2":{"loc":{"start":{"line":59,"column":22},"end":{"line":61,"column":32}},"type":"cond-expr","locations":[{"start":{"line":60,"column":8},"end":{"line":60,"column":47}},{"start":{"line":61,"column":8},"end":{"line":61,"column":32}}],"line":59},"3":{"loc":{"start":{"line":68,"column":21},"end":{"line":70,"column":34}},"type":"cond-expr","locations":[{"start":{"line":69,"column":8},"end":{"line":69,"column":51}},{"start":{"line":70,"column":8},"end":{"line":70,"column":34}}],"line":68},"4":{"loc":{"start":{"line":137,"column":14},"end":{"line":139,"column":null}},"type":"cond-expr","locations":[{"start":{"line":138,"column":18},"end":{"line":138,"column":null}},{"start":{"line":139,"column":18},"end":{"line":139,"column":null}}],"line":137},"5":{"loc":{"start":{"line":154,"column":18},"end":{"line":156,"column":null}},"type":"cond-expr","locations":[{"start":{"line":155,"column":22},"end":{"line":155,"column":null}},{"start":{"line":156,"column":22},"end":{"line":156,"column":null}}],"line":154},"6":{"loc":{"start":{"line":167,"column":7},"end":{"line":191,"column":null}},"type":"binary-expr","locations":[{"start":{"line":167,"column":7},"end":{"line":167,"column":null}},{"start":{"line":168,"column":8},"end":{"line":191,"column":null}}],"line":167},"7":{"loc":{"start":{"line":182,"column":18},"end":{"line":184,"column":null}},"type":"cond-expr","locations":[{"start":{"line":183,"column":22},"end":{"line":183,"column":null}},{"start":{"line":184,"column":22},"end":{"line":184,"column":null}}],"line":182},"8":{"loc":{"start":{"line":187,"column":17},"end":{"line":188,"column":21}},"type":"binary-expr","locations":[{"start":{"line":187,"column":17},"end":{"line":187,"column":51}},{"start":{"line":187,"column":55},"end":{"line":188,"column":21}}],"line":187}},"s":{"0":1,"1":0,"2":0,"3":0,"4":0,"5":0,"6":0,"7":0,"8":0,"9":0,"10":0,"11":0,"12":0,"13":0,"14":0,"15":0,"16":0,"17":0,"18":0,"19":0,"20":0,"21":0,"22":0,"23":0,"24":0,"25":0,"26":0,"27":0,"28":0,"29":0,"30":0,"31":0,"32":0,"33":0,"34":0,"35":0,"36":0,"37":0,"38":0},"f":{"0":0,"1":0,"2":0,"3":0,"4":0,"5":0,"6":0,"7":0,"8":0,"9":0,"10":0,"11":0,"12":0,"13":0,"14":0,"15":0},"b":{"0":[0,0],"1":[0,0],"2":[0,0],"3":[0,0],"4":[0,0],"5":[0,0],"6":[0,0],"7":[0,0],"8":[0,0]},"meta":{"lastBranch":9,"lastFunction":16,"lastStatement":39,"seen":{"s:17:6:207:Infinity":0,"f:17:6:17:57":0,"s:22:22:22:50":1,"s:23:18:23:Infinity":2,"s:24:19:24:Infinity":3,"s:26:25:26:66":4,"s:28:2:48:Infinity":5,"f:28:2:28:18":1,"s:29:22:44:Infinity":6,"f:29:22:29:34":2,"s:30:6:44:Infinity":7,"s:31:21:31:47":8,"s:32:28:32:Infinity":9,"b:34:8:39:Infinity:undefined:undefined:undefined:undefined":0,"s:34:8:39:Infinity":10,"s:35:30:35:56":11,"b:35:30:35:54:35:54:35:56":1,"s:39:10:39:Infinity":12,"f:39:24:39:32":3,"s:39:38:39:72":13,"s:42:8:42:Infinity":14,"s:44:8:44:Infinity":15,"s:47:4:47:Infinity":16,"s:50:8:55:Infinity":17,"f:50:8:50:28":4,"s:51:4:55:Infinity":18,"s:58:8:62:Infinity":19,"f:58:8:58:24":5,"s:59:22:61:32":20,"b:60:8:60:47:61:8:61:32":2,"f:60:23:60:31":6,"s:60:37:60:47":21,"s:62:4:62:Infinity":22,"s:66:8:71:Infinity":23,"f:66:8:66:22":7,"s:67:23:67:53":24,"s:68:21:70:34":25,"b:69:8:69:51:70:8:70:34":3,"f:69:22:69:30":8,"s:69:37:69:51":26,"s:71:4:71:Infinity":27,"s:74:22:74:Infinity":28,"s:79:22:79:Infinity":29,"s:81:2:207:Infinity":30,"f:98:14:98:25":9,"s:99:16:102:Infinity":31,"f:115:14:115:25":10,"s:116:16:119:Infinity":32,"f:135:12:135:27":11,"s:135:27:135:40":33,"b:138:18:138:Infinity:139:18:139:Infinity":4,"f:146:26:146:31":12,"s:147:31:147:62":34,"s:148:12:160:Infinity":35,"f:152:16:152:31":13,"s:152:31:152:50":36,"b:155:22:155:Infinity:156:22:156:Infinity":5,"b:167:7:167:Infinity:168:8:191:Infinity":6,"f:176:14:176:19":14,"s:177:14:189:Infinity":37,"f:180:16:180:31":15,"s:180:31:180:54":38,"b:183:22:183:Infinity:184:22:184:Infinity":7,"b:187:17:187:51:187:55:188:21":8}}}
,"C:\\Klubly_TFG_2026_GuillermoReyes\\frontend\\src\\features\\activities\\components\\ActivityForm.tsx": {"path":"C:\\Klubly_TFG_2026_GuillermoReyes\\frontend\\src\\features\\activities\\components\\ActivityForm.tsx","statementMap":{"0":{"start":{"line":15,"column":6},"end":{"line":324,"column":null}},"1":{"start":{"line":21,"column":22},"end":{"line":21,"column":50}},"2":{"start":{"line":22,"column":18},"end":{"line":22,"column":null}},"3":{"start":{"line":24,"column":19},"end":{"line":33,"column":4}},"4":{"start":{"line":35,"column":25},"end":{"line":35,"column":66}},"5":{"start":{"line":36,"column":17},"end":{"line":36,"column":66}},"6":{"start":{"line":38,"column":2},"end":{"line":58,"column":null}},"7":{"start":{"line":39,"column":22},"end":{"line":54,"column":null}},"8":{"start":{"line":40,"column":6},"end":{"line":54,"column":null}},"9":{"start":{"line":41,"column":21},"end":{"line":41,"column":47}},"10":{"start":{"line":42,"column":28},"end":{"line":42,"column":null}},"11":{"start":{"line":45,"column":8},"end":{"line":50,"column":null}},"12":{"start":{"line":47,"column":30},"end":{"line":47,"column":56}},"13":{"start":{"line":50,"column":10},"end":{"line":50,"column":null}},"14":{"start":{"line":50,"column":38},"end":{"line":50,"column":72}},"15":{"start":{"line":52,"column":8},"end":{"line":52,"column":null}},"16":{"start":{"line":54,"column":8},"end":{"line":54,"column":null}},"17":{"start":{"line":57,"column":4},"end":{"line":57,"column":null}},"18":{"start":{"line":60,"column":8},"end":{"line":69,"column":null}},"19":{"start":{"line":65,"column":28},"end":{"line":65,"column":null}},"20":{"start":{"line":66,"column":4},"end":{"line":69,"column":null}},"21":{"start":{"line":66,"column":27},"end":{"line":69,"column":7}},"22":{"start":{"line":72,"column":8},"end":{"line":89,"column":null}},"23":{"start":{"line":73,"column":46},"end":{"line":73,"column":48}},"24":{"start":{"line":74,"column":4},"end":{"line":74,"column":null}},"25":{"start":{"line":74,"column":24},"end":{"line":74,"column":null}},"26":{"start":{"line":75,"column":4},"end":{"line":76,"column":null}},"27":{"start":{"line":76,"column":6},"end":{"line":76,"column":null}},"28":{"start":{"line":77,"column":4},"end":{"line":77,"column":null}},"29":{"start":{"line":77,"column":27},"end":{"line":77,"column":null}},"30":{"start":{"line":78,"column":4},"end":{"line":83,"column":null}},"31":{"start":{"line":83,"column":6},"end":{"line":83,"column":null}},"32":{"start":{"line":85,"column":4},"end":{"line":86,"column":null}},"33":{"start":{"line":86,"column":6},"end":{"line":86,"column":null}},"34":{"start":{"line":88,"column":4},"end":{"line":88,"column":null}},"35":{"start":{"line":89,"column":4},"end":{"line":89,"column":null}},"36":{"start":{"line":92,"column":8},"end":{"line":94,"column":null}},"37":{"start":{"line":93,"column":4},"end":{"line":93,"column":null}},"38":{"start":{"line":94,"column":4},"end":{"line":94,"column":null}},"39":{"start":{"line":94,"column":20},"end":{"line":94,"column":null}},"40":{"start":{"line":97,"column":8},"end":{"line":102,"column":null}},"41":{"start":{"line":97,"column":47},"end":{"line":102,"column":null}},"42":{"start":{"line":106,"column":8},"end":{"line":113,"column":null}},"43":{"start":{"line":107,"column":4},"end":{"line":113,"column":null}},"44":{"start":{"line":108,"column":25},"end":{"line":108,"column":54}},"45":{"start":{"line":109,"column":25},"end":{"line":111,"column":35}},"46":{"start":{"line":110,"column":38},"end":{"line":110,"column":52}},"47":{"start":{"line":112,"column":6},"end":{"line":112,"column":null}},"48":{"start":{"line":116,"column":22},"end":{"line":116,"column":null}},"49":{"start":{"line":118,"column":2},"end":{"line":324,"column":null}},"50":{"start":{"line":243,"column":33},"end":{"line":243,"column":64}},"51":{"start":{"line":244,"column":14},"end":{"line":257,"column":null}},"52":{"start":{"line":248,"column":33},"end":{"line":248,"column":49}},"53":{"start":{"line":280,"column":25},"end":{"line":280,"column":79}}},"fnMap":{"0":{"name":"(anonymous_0)","decl":{"start":{"line":15,"column":6},"end":{"line":15,"column":51}},"loc":{"start":{"line":20,"column":6},"end":{"line":324,"column":null}},"line":20},"1":{"name":"(anonymous_1)","decl":{"start":{"line":38,"column":2},"end":{"line":38,"column":18}},"loc":{"start":{"line":38,"column":18},"end":{"line":58,"column":6}},"line":38},"2":{"name":"(anonymous_2)","decl":{"start":{"line":39,"column":22},"end":{"line":39,"column":34}},"loc":{"start":{"line":39,"column":34},"end":{"line":54,"column":null}},"line":39},"3":{"name":"(anonymous_3)","decl":{"start":{"line":50,"column":24},"end":{"line":50,"column":32}},"loc":{"start":{"line":50,"column":38},"end":{"line":50,"column":72}},"line":50},"4":{"name":"(anonymous_4)","decl":{"start":{"line":60,"column":8},"end":{"line":60,"column":null}},"loc":{"start":{"line":64,"column":7},"end":{"line":69,"column":null}},"line":64},"5":{"name":"(anonymous_5)","decl":{"start":{"line":66,"column":4},"end":{"line":66,"column":17}},"loc":{"start":{"line":66,"column":27},"end":{"line":69,"column":7}},"line":66},"6":{"name":"(anonymous_6)","decl":{"start":{"line":72,"column":8},"end":{"line":72,"column":25}},"loc":{"start":{"line":72,"column":25},"end":{"line":89,"column":null}},"line":72},"7":{"name":"(anonymous_7)","decl":{"start":{"line":92,"column":8},"end":{"line":92,"column":24}},"loc":{"start":{"line":92,"column":69},"end":{"line":94,"column":null}},"line":92},"8":{"name":"(anonymous_8)","decl":{"start":{"line":97,"column":8},"end":{"line":97,"column":26}},"loc":{"start":{"line":97,"column":47},"end":{"line":102,"column":null}},"line":97},"9":{"name":"(anonymous_9)","decl":{"start":{"line":106,"column":8},"end":{"line":106,"column":22}},"loc":{"start":{"line":106,"column":41},"end":{"line":113,"column":null}},"line":106},"10":{"name":"(anonymous_10)","decl":{"start":{"line":107,"column":4},"end":{"line":107,"column":17}},"loc":{"start":{"line":107,"column":26},"end":{"line":113,"column":null}},"line":107},"11":{"name":"(anonymous_11)","decl":{"start":{"line":110,"column":23},"end":{"line":110,"column":31}},"loc":{"start":{"line":110,"column":38},"end":{"line":110,"column":52}},"line":110},"12":{"name":"(anonymous_12)","decl":{"start":{"line":242,"column":27},"end":{"line":242,"column":32}},"loc":{"start":{"line":242,"column":38},"end":{"line":259,"column":null}},"line":242},"13":{"name":"(anonymous_13)","decl":{"start":{"line":248,"column":18},"end":{"line":248,"column":33}},"loc":{"start":{"line":248,"column":33},"end":{"line":248,"column":49}},"line":248},"14":{"name":"(anonymous_14)","decl":{"start":{"line":280,"column":10},"end":{"line":280,"column":25}},"loc":{"start":{"line":280,"column":25},"end":{"line":280,"column":79}},"line":280}},"branchMap":{"0":{"loc":{"start":{"line":25,"column":10},"end":{"line":25,"column":null}},"type":"binary-expr","locations":[{"start":{"line":25,"column":10},"end":{"line":25,"column":31}},{"start":{"line":25,"column":31},"end":{"line":25,"column":null}}],"line":25},"1":{"loc":{"start":{"line":26,"column":17},"end":{"line":26,"column":null}},"type":"binary-expr","locations":[{"start":{"line":26,"column":17},"end":{"line":26,"column":45}},{"start":{"line":26,"column":45},"end":{"line":26,"column":null}}],"line":26},"2":{"loc":{"start":{"line":27,"column":15},"end":{"line":27,"column":null}},"type":"binary-expr","locations":[{"start":{"line":27,"column":15},"end":{"line":27,"column":41}},{"start":{"line":27,"column":41},"end":{"line":27,"column":null}}],"line":27},"3":{"loc":{"start":{"line":28,"column":13},"end":{"line":28,"column":null}},"type":"binary-expr","locations":[{"start":{"line":28,"column":13},"end":{"line":28,"column":37}},{"start":{"line":28,"column":37},"end":{"line":28,"column":null}}],"line":28},"4":{"loc":{"start":{"line":29,"column":14},"end":{"line":29,"column":null}},"type":"binary-expr","locations":[{"start":{"line":29,"column":14},"end":{"line":29,"column":39}},{"start":{"line":29,"column":39},"end":{"line":29,"column":null}}],"line":29},"5":{"loc":{"start":{"line":30,"column":14},"end":{"line":30,"column":null}},"type":"binary-expr","locations":[{"start":{"line":30,"column":14},"end":{"line":30,"column":39}},{"start":{"line":30,"column":39},"end":{"line":30,"column":null}}],"line":30},"6":{"loc":{"start":{"line":31,"column":12},"end":{"line":31,"column":null}},"type":"binary-expr","locations":[{"start":{"line":31,"column":12},"end":{"line":31,"column":35}},{"start":{"line":31,"column":35},"end":{"line":31,"column":null}}],"line":31},"7":{"loc":{"start":{"line":32,"column":13},"end":{"line":32,"column":null}},"type":"binary-expr","locations":[{"start":{"line":32,"column":13},"end":{"line":32,"column":38}},{"start":{"line":32,"column":38},"end":{"line":32,"column":null}}],"line":32},"8":{"loc":{"start":{"line":45,"column":8},"end":{"line":50,"column":null}},"type":"if","locations":[{"start":{"line":45,"column":8},"end":{"line":50,"column":null}},{"start":{},"end":{}}],"line":45},"9":{"loc":{"start":{"line":47,"column":30},"end":{"line":47,"column":56}},"type":"binary-expr","locations":[{"start":{"line":47,"column":30},"end":{"line":47,"column":54}},{"start":{"line":47,"column":54},"end":{"line":47,"column":56}}],"line":47},"10":{"loc":{"start":{"line":68,"column":14},"end":{"line":68,"column":null}},"type":"cond-expr","locations":[{"start":{"line":68,"column":36},"end":{"line":68,"column":66}},{"start":{"line":68,"column":66},"end":{"line":68,"column":null}}],"line":68},"11":{"loc":{"start":{"line":68,"column":36},"end":{"line":68,"column":66}},"type":"binary-expr","locations":[{"start":{"line":68,"column":36},"end":{"line":68,"column":58}},{"start":{"line":68,"column":62},"end":{"line":68,"column":66}}],"line":68},"12":{"loc":{"start":{"line":74,"column":4},"end":{"line":74,"column":null}},"type":"if","locations":[{"start":{"line":74,"column":4},"end":{"line":74,"column":null}},{"start":{},"end":{}}],"line":74},"13":{"loc":{"start":{"line":75,"column":4},"end":{"line":76,"column":null}},"type":"if","locations":[{"start":{"line":75,"column":4},"end":{"line":76,"column":null}},{"start":{},"end":{}}],"line":75},"14":{"loc":{"start":{"line":77,"column":4},"end":{"line":77,"column":null}},"type":"if","locations":[{"start":{"line":77,"column":4},"end":{"line":77,"column":null}},{"start":{},"end":{}}],"line":77},"15":{"loc":{"start":{"line":78,"column":4},"end":{"line":83,"column":null}},"type":"if","locations":[{"start":{"line":78,"column":4},"end":{"line":83,"column":null}},{"start":{},"end":{}}],"line":78},"16":{"loc":{"start":{"line":79,"column":6},"end":{"line":81,"column":64}},"type":"binary-expr","locations":[{"start":{"line":79,"column":6},"end":{"line":79,"column":null}},{"start":{"line":80,"column":6},"end":{"line":80,"column":null}},{"start":{"line":81,"column":6},"end":{"line":81,"column":64}}],"line":79},"17":{"loc":{"start":{"line":85,"column":4},"end":{"line":86,"column":null}},"type":"if","locations":[{"start":{"line":85,"column":4},"end":{"line":86,"column":null}},{"start":{},"end":{}}],"line":85},"18":{"loc":{"start":{"line":94,"column":4},"end":{"line":94,"column":null}},"type":"if","locations":[{"start":{"line":94,"column":4},"end":{"line":94,"column":null}},{"start":{},"end":{}}],"line":94},"19":{"loc":{"start":{"line":100,"column":6},"end":{"line":102,"column":null}},"type":"cond-expr","locations":[{"start":{"line":101,"column":10},"end":{"line":101,"column":null}},{"start":{"line":102,"column":10},"end":{"line":102,"column":null}}],"line":100},"20":{"loc":{"start":{"line":109,"column":25},"end":{"line":111,"column":35}},"type":"cond-expr","locations":[{"start":{"line":110,"column":10},"end":{"line":110,"column":52}},{"start":{"line":111,"column":10},"end":{"line":111,"column":35}}],"line":109},"21":{"loc":{"start":{"line":134,"column":9},"end":{"line":137,"column":null}},"type":"binary-expr","locations":[{"start":{"line":134,"column":9},"end":{"line":134,"column":null}},{"start":{"line":135,"column":10},"end":{"line":137,"column":null}}],"line":134},"22":{"loc":{"start":{"line":170,"column":11},"end":{"line":173,"column":null}},"type":"binary-expr","locations":[{"start":{"line":170,"column":11},"end":{"line":170,"column":null}},{"start":{"line":171,"column":12},"end":{"line":173,"column":null}}],"line":170},"23":{"loc":{"start":{"line":189,"column":11},"end":{"line":192,"column":null}},"type":"binary-expr","locations":[{"start":{"line":189,"column":11},"end":{"line":189,"column":null}},{"start":{"line":190,"column":12},"end":{"line":192,"column":null}}],"line":189},"24":{"loc":{"start":{"line":226,"column":11},"end":{"line":229,"column":null}},"type":"binary-expr","locations":[{"start":{"line":226,"column":11},"end":{"line":226,"column":null}},{"start":{"line":227,"column":12},"end":{"line":229,"column":null}}],"line":226},"25":{"loc":{"start":{"line":241,"column":11},"end":{"line":263,"column":null}},"type":"cond-expr","locations":[{"start":{"line":242,"column":12},"end":{"line":259,"column":null}},{"start":{"line":261,"column":12},"end":{"line":263,"column":null}}],"line":241},"26":{"loc":{"start":{"line":250,"column":20},"end":{"line":252,"column":null}},"type":"cond-expr","locations":[{"start":{"line":251,"column":24},"end":{"line":251,"column":null}},{"start":{"line":252,"column":24},"end":{"line":252,"column":null}}],"line":250},"27":{"loc":{"start":{"line":255,"column":19},"end":{"line":256,"column":21}},"type":"binary-expr","locations":[{"start":{"line":255,"column":19},"end":{"line":255,"column":33}},{"start":{"line":255,"column":33},"end":{"line":256,"column":21}}],"line":255},"28":{"loc":{"start":{"line":268,"column":11},"end":{"line":270,"column":null}},"type":"cond-expr","locations":[{"start":{"line":269,"column":14},"end":{"line":269,"column":null}},{"start":{"line":270,"column":14},"end":{"line":270,"column":null}}],"line":268},"29":{"loc":{"start":{"line":286,"column":14},"end":{"line":286,"column":null}},"type":"cond-expr","locations":[{"start":{"line":286,"column":32},"end":{"line":286,"column":50}},{"start":{"line":286,"column":50},"end":{"line":286,"column":null}}],"line":286},"30":{"loc":{"start":{"line":291,"column":16},"end":{"line":291,"column":null}},"type":"cond-expr","locations":[{"start":{"line":291,"column":34},"end":{"line":291,"column":52}},{"start":{"line":291,"column":52},"end":{"line":291,"column":null}}],"line":291},"31":{"loc":{"start":{"line":299,"column":14},"end":{"line":299,"column":null}},"type":"cond-expr","locations":[{"start":{"line":299,"column":32},"end":{"line":299,"column":50}},{"start":{"line":299,"column":50},"end":{"line":299,"column":null}}],"line":299},"32":{"loc":{"start":{"line":302,"column":13},"end":{"line":302,"column":null}},"type":"cond-expr","locations":[{"start":{"line":302,"column":31},"end":{"line":302,"column":52}},{"start":{"line":302,"column":52},"end":{"line":302,"column":null}}],"line":302},"33":{"loc":{"start":{"line":318,"column":19},"end":{"line":318,"column":null}},"type":"cond-expr","locations":[{"start":{"line":318,"column":33},"end":{"line":318,"column":45}},{"start":{"line":318,"column":45},"end":{"line":318,"column":null}}],"line":318},"34":{"loc":{"start":{"line":323,"column":11},"end":{"line":323,"column":null}},"type":"cond-expr","locations":[{"start":{"line":323,"column":25},"end":{"line":323,"column":45}},{"start":{"line":323,"column":45},"end":{"line":323,"column":null}}],"line":323}},"s":{"0":1,"1":0,"2":0,"3":0,"4":0,"5":0,"6":0,"7":0,"8":0,"9":0,"10":0,"11":0,"12":0,"13":0,"14":0,"15":0,"16":0,"17":0,"18":0,"19":0,"20":0,"21":0,"22":0,"23":0,"24":0,"25":0,"26":0,"27":0,"28":0,"29":0,"30":0,"31":0,"32":0,"33":0,"34":0,"35":0,"36":0,"37":0,"38":0,"39":0,"40":0,"41":0,"42":0,"43":0,"44":0,"45":0,"46":0,"47":0,"48":0,"49":0,"50":0,"51":0,"52":0,"53":0},"f":{"0":0,"1":0,"2":0,"3":0,"4":0,"5":0,"6":0,"7":0,"8":0,"9":0,"10":0,"11":0,"12":0,"13":0,"14":0},"b":{"0":[0,0],"1":[0,0],"2":[0,0],"3":[0,0],"4":[0,0],"5":[0,0],"6":[0,0],"7":[0,0],"8":[0,0],"9":[0,0],"10":[0,0],"11":[0,0],"12":[0,0],"13":[0,0],"14":[0,0],"15":[0,0],"16":[0,0,0],"17":[0,0],"18":[0,0],"19":[0,0],"20":[0,0],"21":[0,0],"22":[0,0],"23":[0,0],"24":[0,0],"25":[0,0],"26":[0,0],"27":[0,0],"28":[0,0],"29":[0,0],"30":[0,0],"31":[0,0],"32":[0,0],"33":[0,0],"34":[0,0]},"meta":{"lastBranch":35,"lastFunction":15,"lastStatement":54,"seen":{"s:15:6:324:Infinity":0,"f:15:6:15:51":0,"s:21:22:21:50":1,"s:22:18:22:Infinity":2,"s:24:19:33:4":3,"b:25:10:25:31:25:31:25:Infinity":0,"b:26:17:26:45:26:45:26:Infinity":1,"b:27:15:27:41:27:41:27:Infinity":2,"b:28:13:28:37:28:37:28:Infinity":3,"b:29:14:29:39:29:39:29:Infinity":4,"b:30:14:30:39:30:39:30:Infinity":5,"b:31:12:31:35:31:35:31:Infinity":6,"b:32:13:32:38:32:38:32:Infinity":7,"s:35:25:35:66":4,"s:36:17:36:66":5,"s:38:2:58:Infinity":6,"f:38:2:38:18":1,"s:39:22:54:Infinity":7,"f:39:22:39:34":2,"s:40:6:54:Infinity":8,"s:41:21:41:47":9,"s:42:28:42:Infinity":10,"b:45:8:50:Infinity:undefined:undefined:undefined:undefined":8,"s:45:8:50:Infinity":11,"s:47:30:47:56":12,"b:47:30:47:54:47:54:47:56":9,"s:50:10:50:Infinity":13,"f:50:24:50:32":3,"s:50:38:50:72":14,"s:52:8:52:Infinity":15,"s:54:8:54:Infinity":16,"s:57:4:57:Infinity":17,"s:60:8:69:Infinity":18,"f:60:8:60:Infinity":4,"s:65:28:65:Infinity":19,"s:66:4:69:Infinity":20,"f:66:4:66:17":5,"s:66:27:69:7":21,"b:68:36:68:66:68:66:68:Infinity":10,"b:68:36:68:58:68:62:68:66":11,"s:72:8:89:Infinity":22,"f:72:8:72:25":6,"s:73:46:73:48":23,"b:74:4:74:Infinity:undefined:undefined:undefined:undefined":12,"s:74:4:74:Infinity":24,"s:74:24:74:Infinity":25,"b:75:4:76:Infinity:undefined:undefined:undefined:undefined":13,"s:75:4:76:Infinity":26,"s:76:6:76:Infinity":27,"b:77:4:77:Infinity:undefined:undefined:undefined:undefined":14,"s:77:4:77:Infinity":28,"s:77:27:77:Infinity":29,"b:78:4:83:Infinity:undefined:undefined:undefined:undefined":15,"s:78:4:83:Infinity":30,"b:79:6:79:Infinity:80:6:80:Infinity:81:6:81:64":16,"s:83:6:83:Infinity":31,"b:85:4:86:Infinity:undefined:undefined:undefined:undefined":17,"s:85:4:86:Infinity":32,"s:86:6:86:Infinity":33,"s:88:4:88:Infinity":34,"s:89:4:89:Infinity":35,"s:92:8:94:Infinity":36,"f:92:8:92:24":7,"s:93:4:93:Infinity":37,"b:94:4:94:Infinity:undefined:undefined:undefined:undefined":18,"s:94:4:94:Infinity":38,"s:94:20:94:Infinity":39,"s:97:8:102:Infinity":40,"f:97:8:97:26":8,"s:97:47:102:Infinity":41,"b:101:10:101:Infinity:102:10:102:Infinity":19,"s:106:8:113:Infinity":42,"f:106:8:106:22":9,"s:107:4:113:Infinity":43,"f:107:4:107:17":10,"s:108:25:108:54":44,"s:109:25:111:35":45,"b:110:10:110:52:111:10:111:35":20,"f:110:23:110:31":11,"s:110:38:110:52":46,"s:112:6:112:Infinity":47,"s:116:22:116:Infinity":48,"s:118:2:324:Infinity":49,"b:134:9:134:Infinity:135:10:137:Infinity":21,"b:170:11:170:Infinity:171:12:173:Infinity":22,"b:189:11:189:Infinity:190:12:192:Infinity":23,"b:226:11:226:Infinity:227:12:229:Infinity":24,"b:242:12:259:Infinity:261:12:263:Infinity":25,"f:242:27:242:32":12,"s:243:33:243:64":50,"s:244:14:257:Infinity":51,"f:248:18:248:33":13,"s:248:33:248:49":52,"b:251:24:251:Infinity:252:24:252:Infinity":26,"b:255:19:255:33:255:33:256:21":27,"b:269:14:269:Infinity:270:14:270:Infinity":28,"f:280:10:280:25":14,"s:280:25:280:79":53,"b:286:32:286:50:286:50:286:Infinity":29,"b:291:34:291:52:291:52:291:Infinity":30,"b:299:32:299:50:299:50:299:Infinity":31,"b:302:31:302:52:302:52:302:Infinity":32,"b:318:33:318:45:318:45:318:Infinity":33,"b:323:25:323:45:323:45:323:Infinity":34}}}
,"C:\\Klubly_TFG_2026_GuillermoReyes\\frontend\\src\\features\\activities\\components\\AddRegistrationForm.tsx": {"path":"C:\\Klubly_TFG_2026_GuillermoReyes\\frontend\\src\\features\\activities\\components\\AddRegistrationForm.tsx","statementMap":{"0":{"start":{"line":16,"column":6},"end":{"line":191,"column":null}},"1":{"start":{"line":21,"column":22},"end":{"line":21,"column":50}},"2":{"start":{"line":22,"column":18},"end":{"line":22,"column":null}},"3":{"start":{"line":24,"column":16},"end":{"line":24,"column":48}},"4":{"start":{"line":25,"column":16},"end":{"line":25,"column":48}},"5":{"start":{"line":26,"column":23},"end":{"line":26,"column":62}},"6":{"start":{"line":27,"column":23},"end":{"line":27,"column":62}},"7":{"start":{"line":28,"column":18},"end":{"line":28,"column":47}},"8":{"start":{"line":29,"column":23},"end":{"line":29,"column":57}},"9":{"start":{"line":31,"column":2},"end":{"line":33,"column":null}},"10":{"start":{"line":32,"column":4},"end":{"line":32,"column":null}},"11":{"start":{"line":35,"column":2},"end":{"line":59,"column":null}},"12":{"start":{"line":36,"column":23},"end":{"line":55,"column":null}},"13":{"start":{"line":37,"column":6},"end":{"line":55,"column":null}},"14":{"start":{"line":38,"column":8},"end":{"line":38,"column":null}},"15":{"start":{"line":39,"column":8},"end":{"line":39,"column":null}},"16":{"start":{"line":40,"column":8},"end":{"line":40,"column":null}},"17":{"start":{"line":41,"column":8},"end":{"line":51,"column":null}},"18":{"start":{"line":42,"column":23},"end":{"line":43,"column":null}},"19":{"start":{"line":45,"column":23},"end":{"line":45,"column":38}},"20":{"start":{"line":46,"column":10},"end":{"line":46,"column":null}},"21":{"start":{"line":48,"column":10},"end":{"line":48,"column":null}},"22":{"start":{"line":49,"column":10},"end":{"line":49,"column":null}},"23":{"start":{"line":51,"column":10},"end":{"line":51,"column":null}},"24":{"start":{"line":54,"column":8},"end":{"line":54,"column":null}},"25":{"start":{"line":55,"column":8},"end":{"line":55,"column":null}},"26":{"start":{"line":58,"column":4},"end":{"line":58,"column":null}},"27":{"start":{"line":61,"column":20},"end":{"line":92,"column":null}},"28":{"start":{"line":62,"column":4},"end":{"line":92,"column":null}},"29":{"start":{"line":63,"column":19},"end":{"line":63,"column":45}},"30":{"start":{"line":64,"column":29},"end":{"line":64,"column":44}},"31":{"start":{"line":66,"column":33},"end":{"line":66,"column":59}},"32":{"start":{"line":67,"column":30},"end":{"line":67,"column":52}},"33":{"start":{"line":68,"column":31},"end":{"line":68,"column":null}},"34":{"start":{"line":70,"column":34},"end":{"line":70,"column":36}},"35":{"start":{"line":72,"column":6},"end":{"line":87,"column":null}},"36":{"start":{"line":74,"column":8},"end":{"line":76,"column":null}},"37":{"start":{"line":76,"column":35},"end":{"line":76,"column":65}},"38":{"start":{"line":77,"column":17},"end":{"line":87,"column":null}},"39":{"start":{"line":79,"column":8},"end":{"line":81,"column":null}},"40":{"start":{"line":80,"column":10},"end":{"line":80,"column":43}},"41":{"start":{"line":84,"column":8},"end":{"line":87,"column":null}},"42":{"start":{"line":86,"column":12},"end":{"line":86,"column":79}},"43":{"start":{"line":90,"column":6},"end":{"line":90,"column":null}},"44":{"start":{"line":92,"column":6},"end":{"line":92,"column":null}},"45":{"start":{"line":96,"column":23},"end":{"line":110,"column":null}},"46":{"start":{"line":97,"column":4},"end":{"line":97,"column":null}},"47":{"start":{"line":98,"column":4},"end":{"line":98,"column":null}},"48":{"start":{"line":98,"column":23},"end":{"line":98,"column":null}},"49":{"start":{"line":100,"column":4},"end":{"line":110,"column":null}},"50":{"start":{"line":101,"column":6},"end":{"line":101,"column":null}},"51":{"start":{"line":102,"column":6},"end":{"line":105,"column":null}},"52":{"start":{"line":106,"column":6},"end":{"line":106,"column":null}},"53":{"start":{"line":108,"column":6},"end":{"line":108,"column":null}},"54":{"start":{"line":110,"column":6},"end":{"line":110,"column":null}},"55":{"start":{"line":114,"column":8},"end":{"line":116,"column":null}},"56":{"start":{"line":114,"column":48},"end":{"line":116,"column":null}},"57":{"start":{"line":119,"column":2},"end":{"line":191,"column":null}},"58":{"start":{"line":127,"column":27},"end":{"line":127,"column":58}},"59":{"start":{"line":133,"column":12},"end":{"line":135,"column":null}},"60":{"start":{"line":152,"column":29},"end":{"line":152,"column":60}},"61":{"start":{"line":161,"column":14},"end":{"line":163,"column":null}}},"fnMap":{"0":{"name":"(anonymous_0)","decl":{"start":{"line":16,"column":6},"end":{"line":16,"column":65}},"loc":{"start":{"line":20,"column":6},"end":{"line":191,"column":null}},"line":20},"1":{"name":"(anonymous_1)","decl":{"start":{"line":31,"column":2},"end":{"line":31,"column":18}},"loc":{"start":{"line":31,"column":18},"end":{"line":33,"column":7}},"line":31},"2":{"name":"(anonymous_2)","decl":{"start":{"line":35,"column":2},"end":{"line":35,"column":18}},"loc":{"start":{"line":35,"column":18},"end":{"line":59,"column":6}},"line":35},"3":{"name":"(anonymous_3)","decl":{"start":{"line":36,"column":23},"end":{"line":36,"column":35}},"loc":{"start":{"line":36,"column":35},"end":{"line":55,"column":null}},"line":36},"4":{"name":"(anonymous_4)","decl":{"start":{"line":61,"column":20},"end":{"line":61,"column":32}},"loc":{"start":{"line":61,"column":32},"end":{"line":92,"column":null}},"line":61},"5":{"name":"(anonymous_5)","decl":{"start":{"line":76,"column":21},"end":{"line":76,"column":29}},"loc":{"start":{"line":76,"column":35},"end":{"line":76,"column":65}},"line":76},"6":{"name":"(anonymous_6)","decl":{"start":{"line":79,"column":33},"end":{"line":79,"column":41}},"loc":{"start":{"line":80,"column":10},"end":{"line":80,"column":43}},"line":80},"7":{"name":"(anonymous_7)","decl":{"start":{"line":84,"column":33},"end":{"line":84,"column":null}},"loc":{"start":{"line":86,"column":12},"end":{"line":86,"column":79}},"line":86},"8":{"name":"(anonymous_8)","decl":{"start":{"line":96,"column":23},"end":{"line":96,"column":30}},"loc":{"start":{"line":96,"column":75},"end":{"line":110,"column":null}},"line":96},"9":{"name":"(anonymous_9)","decl":{"start":{"line":114,"column":8},"end":{"line":114,"column":24}},"loc":{"start":{"line":114,"column":48},"end":{"line":116,"column":null}},"line":114},"10":{"name":"(anonymous_10)","decl":{"start":{"line":127,"column":10},"end":{"line":127,"column":21}},"loc":{"start":{"line":127,"column":27},"end":{"line":127,"column":58}},"line":127},"11":{"name":"(anonymous_11)","decl":{"start":{"line":132,"column":17},"end":{"line":132,"column":22}},"loc":{"start":{"line":133,"column":12},"end":{"line":135,"column":null}},"line":133},"12":{"name":"(anonymous_12)","decl":{"start":{"line":152,"column":12},"end":{"line":152,"column":23}},"loc":{"start":{"line":152,"column":29},"end":{"line":152,"column":60}},"line":152},"13":{"name":"(anonymous_13)","decl":{"start":{"line":160,"column":19},"end":{"line":160,"column":24}},"loc":{"start":{"line":161,"column":14},"end":{"line":163,"column":null}},"line":161}},"branchMap":{"0":{"loc":{"start":{"line":37,"column":6},"end":{"line":55,"column":null}},"type":"if","locations":[{"start":{"line":37,"column":6},"end":{"line":55,"column":null}},{"start":{"line":53,"column":13},"end":{"line":55,"column":null}}],"line":37},"1":{"loc":{"start":{"line":45,"column":23},"end":{"line":45,"column":38}},"type":"binary-expr","locations":[{"start":{"line":45,"column":23},"end":{"line":45,"column":36}},{"start":{"line":45,"column":36},"end":{"line":45,"column":38}}],"line":45},"2":{"loc":{"start":{"line":46,"column":19},"end":{"line":46,"column":50}},"type":"cond-expr","locations":[{"start":{"line":46,"column":41},"end":{"line":46,"column":48}},{"start":{"line":46,"column":48},"end":{"line":46,"column":50}}],"line":46},"3":{"loc":{"start":{"line":64,"column":29},"end":{"line":64,"column":44}},"type":"binary-expr","locations":[{"start":{"line":64,"column":29},"end":{"line":64,"column":42}},{"start":{"line":64,"column":42},"end":{"line":64,"column":44}}],"line":64},"4":{"loc":{"start":{"line":66,"column":33},"end":{"line":66,"column":59}},"type":"binary-expr","locations":[{"start":{"line":66,"column":33},"end":{"line":66,"column":57}},{"start":{"line":66,"column":57},"end":{"line":66,"column":59}}],"line":66},"5":{"loc":{"start":{"line":67,"column":30},"end":{"line":67,"column":52}},"type":"binary-expr","locations":[{"start":{"line":67,"column":30},"end":{"line":67,"column":50}},{"start":{"line":67,"column":50},"end":{"line":67,"column":52}}],"line":67},"6":{"loc":{"start":{"line":72,"column":6},"end":{"line":87,"column":null}},"type":"if","locations":[{"start":{"line":72,"column":6},"end":{"line":87,"column":null}},{"start":{"line":77,"column":17},"end":{"line":87,"column":null}}],"line":72},"7":{"loc":{"start":{"line":74,"column":24},"end":{"line":76,"column":66}},"type":"cond-expr","locations":[{"start":{"line":75,"column":12},"end":{"line":75,"column":null}},{"start":{"line":76,"column":12},"end":{"line":76,"column":66}}],"line":74},"8":{"loc":{"start":{"line":77,"column":17},"end":{"line":87,"column":null}},"type":"if","locations":[{"start":{"line":77,"column":17},"end":{"line":87,"column":null}},{"start":{"line":82,"column":13},"end":{"line":87,"column":null}}],"line":77},"9":{"loc":{"start":{"line":86,"column":12},"end":{"line":86,"column":79}},"type":"binary-expr","locations":[{"start":{"line":86,"column":12},"end":{"line":86,"column":42}},{"start":{"line":86,"column":46},"end":{"line":86,"column":79}}],"line":86},"10":{"loc":{"start":{"line":98,"column":4},"end":{"line":98,"column":null}},"type":"if","locations":[{"start":{"line":98,"column":4},"end":{"line":98,"column":null}},{"start":{},"end":{}}],"line":98},"11":{"loc":{"start":{"line":108,"column":12},"end":{"line":108,"column":78}},"type":"binary-expr","locations":[{"start":{"line":108,"column":12},"end":{"line":108,"column":45}},{"start":{"line":108,"column":45},"end":{"line":108,"column":78}}],"line":108},"12":{"loc":{"start":{"line":116,"column":6},"end":{"line":116,"column":null}},"type":"cond-expr","locations":[{"start":{"line":116,"column":19},"end":{"line":116,"column":65}},{"start":{"line":116,"column":65},"end":{"line":116,"column":null}}],"line":116},"13":{"loc":{"start":{"line":139,"column":11},"end":{"line":141,"column":null}},"type":"cond-expr","locations":[{"start":{"line":140,"column":14},"end":{"line":140,"column":null}},{"start":{"line":141,"column":14},"end":{"line":141,"column":null}}],"line":139},"14":{"loc":{"start":{"line":153,"column":22},"end":{"line":153,"column":null}},"type":"binary-expr","locations":[{"start":{"line":153,"column":22},"end":{"line":153,"column":39}},{"start":{"line":153,"column":39},"end":{"line":153,"column":null}}],"line":153},"15":{"loc":{"start":{"line":154,"column":36},"end":{"line":154,"column":66}},"type":"binary-expr","locations":[{"start":{"line":154,"column":36},"end":{"line":154,"column":53}},{"start":{"line":154,"column":53},"end":{"line":154,"column":66}}],"line":15
[...]
0,"89":0,"90":0,"91":0,"92":0},"f":{"0":17,"1":4,"2":4,"3":4,"4":26,"5":0,"6":0,"7":0,"8":1,"9":0,"10":22,"11":1,"12":0,"13":26,"14":0,"15":0,"16":0,"17":22,"18":0,"19":0,"20":0,"21":0,"22":0,"23":0},"b":{"0":[0,4],"1":[2,20],"2":[22,22],"3":[1,0],"4":[0,0],"5":[26,0],"6":[26,0,0,0,0],"7":[0,26],"8":[0,0],"9":[24,2],"10":[0,24],"11":[24,0],"12":[0,2],"13":[26,22,22],"14":[0,17],"15":[0,17],"16":[0,17],"17":[0,17],"18":[17,17],"19":[17,16],"20":[17,17,13],"21":[13,0],"22":[4,13],"23":[13,0],"24":[0,22],"25":[17,0],"26":[0,17],"27":[3,14],"28":[3,14],"29":[3,14]},"meta":{"lastBranch":30,"lastFunction":24,"lastStatement":93,"seen":{"s:35:6:378:Infinity":0,"f:35:6:35:28":0,"s:37:22:37:50":1,"s:38:18:38:Infinity":2,"s:41:16:41:48":3,"s:42:21:42:62":4,"s:43:18:43:46":5,"s:44:21:44:50":6,"s:45:24:45:59":7,"s:48:23:48:69":8,"s:49:21:49:53":9,"s:50:21:50:53":10,"s:51:23:51:57":11,"s:52:22:52:55":12,"s:55:24:59:4":13,"s:62:24:66:37":14,"s:68:24:72:4":15,"s:75:2:78:Infinity":16,"f:75:2:75:18":1,"s:76:4:76:Infinity":17,"s:77:4:77:Infinity":18,"s:80:21:90:Infinity":19,"f:80:21:80:33":2,"s:81:4:90:Infinity":20,"s:82:6:82:Infinity":21,"s:83:23:85:36":22,"b:84:10:84:47:85:10:85:36":0,"s:86:6:86:Infinity":23,"s:88:6:88:Infinity":24,"s:90:6:90:Infinity":25,"s:94:26:96:Infinity":26,"f:94:26:94:38":3,"s:95:17:95:47":27,"s:96:4:96:Infinity":28,"s:101:26:101:Infinity":29,"s:102:24:104:Infinity":30,"f:102:30:102:Infinity":4,"s:103:11:103:Infinity":31,"s:107:8:109:Infinity":32,"f:107:8:107:22":5,"s:108:4:108:Infinity":33,"s:109:4:109:Infinity":34,"s:112:8:114:Infinity":35,"f:112:8:112:29":6,"s:113:4:113:Infinity":36,"s:114:4:114:Infinity":37,"s:117:8:119:Infinity":38,"f:117:8:117:22":7,"s:118:4:118:Infinity":39,"s:119:4:119:Infinity":40,"s:122:8:123:Infinity":41,"f:122:8:122:31":8,"s:123:4:123:Infinity":42,"s:126:8:127:Infinity":43,"f:126:8:126:29":9,"s:127:4:127:Infinity":44,"s:130:8:132:Infinity":45,"f:130:8:130:33":10,"b:131:4:131:Infinity:undefined:undefined:undefined:undefined":1,"s:131:4:131:Infinity":46,"b:131:8:131:25:131:25:131:35":2,"s:131:35:131:Infinity":47,"s:132:4:132:Infinity":48,"s:135:24:163:Infinity":49,"f:135:24:135:36":11,"s:136:4:163:Infinity":50,"s:137:6:137:Infinity":51,"b:138:6:156:Infinity:145:13:156:Infinity":3,"s:138:6:156:Infinity":52,"s:139:8:139:Infinity":53,"s:140:8:144:Infinity":54,"s:146:21:146:Infinity":55,"b:147:8:150:Infinity:149:15:150:Infinity":4,"s:147:8:150:Infinity":56,"s:148:10:148:Infinity":57,"s:150:10:150:Infinity":58,"s:152:8:156:Infinity":59,"s:158:6:158:Infinity":60,"s:160:6:160:Infinity":61,"s:161:6:161:Infinity":62,"s:163:6:163:Infinity":63,"s:167:8:170:Infinity":64,"f:167:8:167:35":12,"s:168:4:168:Infinity":65,"s:169:4:169:Infinity":66,"s:170:4:170:Infinity":67,"s:174:24:201:Infinity":68,"f:174:30:174:38":13,"s:176:6:176:63":69,"s:177:26:177:73":70,"s:179:6:180:53":71,"b:179:6:179:Infinity:180:6:180:53":5,"s:182:18:182:Infinity":72,"s:184:6:186:Infinity":73,"b:184:6:184:Infinity:185:7:185:46:185:46:185:Infinity:186:7:186:49:186:49:186:Infinity":6,"b:188:4:188:Infinity:undefined:undefined:undefined:undefined":7,"s:188:4:188:Infinity":74,"s:188:23:188:Infinity":75,"b:188:30:188:47:188:47:188:Infinity":8,"b:190:4:197:Infinity:196:15:197:Infinity":9,"s:190:4:197:Infinity":76,"b:191:6:195:Infinity:undefined:undefined:undefined:undefined":10,"s:191:6:195:Infinity":77,"b:192:8:192:Infinity:193:8:193:48":11,"s:195:8:195:Infinity":78,"b:196:15:197:Infinity:undefined:undefined:undefined:undefined":12,"s:196:15:197:Infinity":79,"s:197:6:197:Infinity":80,"s:200:4:200:Infinity":81,"b:200:11:200:28:200:28:200:47:200:47:200:Infinity":13,"s:203:2:378:Infinity":82,"b:207:26:207:54:207:54:207:Infinity":14,"b:211:14:211:Infinity:212:14:212:Infinity":15,"b:218:14:226:Infinity:226:14:259:Infinity":16,"f:221:16:221:31":14,"s:221:31:221:54":83,"b:232:24:232:Infinity:233:24:233:Infinity":17,"b:229:20:231:27:231:27:231:Infinity":18,"f:236:18:236:33":15,"s:236:33:236:54":84,"b:240:17:240:Infinity:241:18:257:Infinity":19,"f:246:22:246:37":16,"s:246:37:246:59":85,"b:266:7:266:25:266:25:266:Infinity:267:8:290:Infinity":20,"b:287:43:287:52:287:52:287:Infinity":21,"b:294:8:299:9:299:8:318:Infinity":22,"b:301:12:308:Infinity:311:12:315:Infinity":23,"f:301:26:301:31":17,"s:302:14:308:Infinity":86,"b:306:40:306:52:306:52:306:Infinity":24,"f:324:8:324:23":18,"s:324:23:324:45":87,"f:332:10:332:25":19,"s:332:25:332:Infinity":88,"f:338:8:338:23":20,"s:338:23:338:43":89,"b:342:9:342:25:342:25:342:Infinity":25,"f:347:8:347:23":21,"s:347:23:347:43":90,"b:348:30:348:55:348:55:348:Infinity":26,"f:353:10:353:26":22,"s:353:26:353:46":91,"f:360:8:360:23":23,"s:360:23:360:76":92,"b:365:14:365:Infinity:366:14:366:Infinity":27,"b:368:56:368:69:368:69:368:Infinity":28,"b:369:48:369:59:369:59:369:Infinity":29}}}
,"C:\\Klubly_TFG_2026_GuillermoReyes\\frontend\\src\\features\\inventory\\services\\category.service.ts": {"path":"C:\\Klubly_TFG_2026_GuillermoReyes\\frontend\\src\\features\\inventory\\services\\category.service.ts","statementMap":{"0":{"start":{"line":3,"column":17},"end":{"line":3,"column":null}},"1":{"start":{"line":16,"column":31},"end":{"line":24,"column":null}},"2":{"start":{"line":17,"column":16},"end":{"line":17,"column":45}},"3":{"start":{"line":18,"column":27},"end":{"line":18,"column":77}},"4":{"start":{"line":19,"column":27},"end":{"line":19,"column":65}},"5":{"start":{"line":20,"column":39},"end":{"line":20,"column":73}},"6":{"start":{"line":22,"column":4},"end":{"line":22,"column":48}},"7":{"start":{"line":23,"column":26},"end":{"line":23,"column":null}}},"fnMap":{"0":{"name":"(anonymous_0)","decl":{"start":{"line":17,"column":2},"end":{"line":17,"column":16}},"loc":{"start":{"line":17,"column":16},"end":{"line":17,"column":45}},"line":17},"1":{"name":"(anonymous_1)","decl":{"start":{"line":18,"column":2},"end":{"line":18,"column":27}},"loc":{"start":{"line":18,"column":27},"end":{"line":18,"column":77}},"line":18},"2":{"name":"(anonymous_2)","decl":{"start":{"line":19,"column":2},"end":{"line":19,"column":12}},"loc":{"start":{"line":19,"column":27},"end":{"line":19,"column":65}},"line":19},"3":{"name":"(anonymous_3)","decl":{"start":{"line":20,"column":2},"end":{"line":20,"column":11}},"loc":{"start":{"line":20,"column":39},"end":{"line":20,"column":73}},"line":20},"4":{"name":"(anonymous_4)","decl":{"start":{"line":21,"column":2},"end":{"line":21,"column":11}},"loc":{"start":{"line":22,"column":4},"end":{"line":22,"column":48}},"line":22},"5":{"name":"(anonymous_5)","decl":{"start":{"line":23,"column":2},"end":{"line":23,"column":11}},"loc":{"start":{"line":23,"column":26},"end":{"line":23,"column":null}},"line":23}},"branchMap":{},"s":{"0":1,"1":1,"2":0,"3":0,"4":0,"5":0,"6":0,"7":0},"f":{"0":0,"1":0,"2":0,"3":0,"4":0,"5":0},"b":{},"meta":{"lastBranch":0,"lastFunction":6,"lastStatement":8,"seen":{"s:3:17:3:Infinity":0,"s:16:31:24:Infinity":1,"f:17:2:17:16":0,"s:17:16:17:45":2,"f:18:2:18:27":1,"s:18:27:18:77":3,"f:19:2:19:12":2,"s:19:27:19:65":4,"f:20:2:20:11":3,"s:20:39:20:73":5,"f:21:2:21:11":4,"s:22:4:22:48":6,"f:23:2:23:11":5,"s:23:26:23:Infinity":7}}}
,"C:\\Klubly_TFG_2026_GuillermoReyes\\frontend\\src\\features\\treasury\\components\\TransactionForm.tsx": {"path":"C:\\Klubly_TFG_2026_GuillermoReyes\\frontend\\src\\features\\treasury\\components\\TransactionForm.tsx","statementMap":{"0":{"start":{"line":22,"column":6},"end":{"line":276,"column":null}},"1":{"start":{"line":28,"column":16},"end":{"line":28,"column":47}},"2":{"start":{"line":29,"column":19},"end":{"line":37,"column":4}},"3":{"start":{"line":39,"column":2},"end":{"line":63,"column":null}},"4":{"start":{"line":40,"column":23},"end":{"line":45,"column":null}},"5":{"start":{"line":41,"column":6},"end":{"line":45,"column":null}},"6":{"start":{"line":42,"column":21},"end":{"line":42,"column":47}},"7":{"start":{"line":43,"column":8},"end":{"line":43,"column":null}},"8":{"start":{"line":45,"column":8},"end":{"line":45,"column":null}},"9":{"start":{"line":48,"column":4},"end":{"line":48,"column":null}},"10":{"start":{"line":50,"column":4},"end":{"line":61,"column":null}},"11":{"start":{"line":51,"column":6},"end":{"line":61,"column":null}},"12":{"start":{"line":65,"column":8},"end":{"line":77,"column":null}},"13":{"start":{"line":66,"column":4},"end":{"line":66,"column":null}},"14":{"start":{"line":69,"column":25},"end":{"line":75,"column":null}},"15":{"start":{"line":77,"column":4},"end":{"line":77,"column":null}},"16":{"start":{"line":80,"column":2},"end":{"line":276,"column":null}},"17":{"start":{"line":97,"column":16},"end":{"line":97,"column":69}},"18":{"start":{"line":119,"column":16},"end":{"line":119,"column":68}},"19":{"start":{"line":125,"column":16},"end":{"line":127,"column":null}},"20":{"start":{"line":150,"column":16},"end":{"line":150,"column":68}},"21":{"start":{"line":173,"column":16},"end":{"line":173,"column":77}},"22":{"start":{"line":194,"column":16},"end":{"line":194,"column":66}},"23":{"start":{"line":217,"column":16},"end":{"line":217,"column":75}},"24":{"start":{"line":232,"column":14},"end":{"line":232,"column":68}}},"fnMap":{"0":{"name":"(anonymous_0)","decl":{"start":{"line":22,"column":6},"end":{"line":22,"column":25}},"loc":{"start":{"line":27,"column":28},"end":{"line":276,"column":null}},"line":27},"1":{"name":"(anonymous_1)","decl":{"start":{"line":39,"column":2},"end":{"line":39,"column":18}},"loc":{"start":{"line":39,"column":18},"end":{"line":63,"column":6}},"line":39},"2":{"name":"(anonymous_2)","decl":{"start":{"line":40,"column":23},"end":{"line":40,"column":35}},"loc":{"start":{"line":40,"column":35},"end":{"line":45,"column":null}},"line":40},"3":{"name":"(anonymous_3)","decl":{"start":{"line":65,"column":8},"end":{"line":65,"column":24}},"loc":{"start":{"line":65,"column":69},"end":{"line":77,"column":null}},"line":65},"4":{"name":"(anonymous_4)","decl":{"start":{"line":96,"column":14},"end":{"line":96,"column":25}},"loc":{"start":{"line":97,"column":16},"end":{"line":97,"column":69}},"line":97},"5":{"name":"(anonymous_5)","decl":{"start":{"line":118,"column":14},"end":{"line":118,"column":25}},"loc":{"start":{"line":119,"column":16},"end":{"line":119,"column":68}},"line":119},"6":{"name":"(anonymous_6)","decl":{"start":{"line":124,"column":21},"end":{"line":124,"column":26}},"loc":{"start":{"line":125,"column":16},"end":{"line":127,"column":null}},"line":125},"7":{"name":"(anonymous_7)","decl":{"start":{"line":149,"column":14},"end":{"line":149,"column":25}},"loc":{"start":{"line":150,"column":16},"end":{"line":150,"column":68}},"line":150},"8":{"name":"(anonymous_8)","decl":{"start":{"line":172,"column":14},"end":{"line":172,"column":25}},"loc":{"start":{"line":173,"column":16},"end":{"line":173,"column":77}},"line":173},"9":{"name":"(anonymous_9)","decl":{"start":{"line":193,"column":14},"end":{"line":193,"column":25}},"loc":{"start":{"line":194,"column":16},"end":{"line":194,"column":66}},"line":194},"10":{"name":"(anonymous_10)","decl":{"start":{"line":216,"column":14},"end":{"line":216,"column":25}},"loc":{"start":{"line":217,"column":16},"end":{"line":217,"column":75}},"line":217},"11":{"name":"(anonymous_11)","decl":{"start":{"line":231,"column":12},"end":{"line":231,"column":null}},"loc":{"start":{"line":232,"column":14},"end":{"line":232,"column":68}},"line":232}},"branchMap":{"0":{"loc":{"start":{"line":50,"column":4},"end":{"line":61,"column":null}},"type":"if","locations":[{"start":{"line":50,"column":4},"end":{"line":61,"column":null}},{"start":{},"end":{}}],"line":50},"1":{"loc":{"start":{"line":59,"column":16},"end":{"line":59,"column":null}},"type":"binary-expr","locations":[{"start":{"line":59,"column":16},"end":{"line":59,"column":46}},{"start":{"line":59,"column":50},"end":{"line":59,"column":null}}],"line":59},"2":{"loc":{"start":{"line":60,"column":16},"end":{"line":60,"column":null}},"type":"binary-expr","locations":[{"start":{"line":60,"column":16},"end":{"line":60,"column":38}},{"start":{"line":60,"column":38},"end":{"line":60,"column":null}}],"line":60},"3":{"loc":{"start":{"line":73,"column":14},"end":{"line":73,"column":null}},"type":"cond-expr","locations":[{"start":{"line":73,"column":32},"end":{"line":73,"column":64}},{"start":{"line":73,"column":67},"end":{"line":73,"column":null}}],"line":73},"4":{"loc":{"start":{"line":239,"column":16},"end":{"line":239,"column":null}},"type":"cond-expr","locations":[{"start":{"line":239,"column":34},"end":{"line":239,"column":52}},{"start":{"line":239,"column":52},"end":{"line":239,"column":null}}],"line":239},"5":{"loc":{"start":{"line":244,"column":18},"end":{"line":244,"column":null}},"type":"cond-expr","locations":[{"start":{"line":244,"column":36},"end":{"line":244,"column":54}},{"start":{"line":244,"column":54},"end":{"line":244,"column":null}}],"line":244},"6":{"loc":{"start":{"line":252,"column":16},"end":{"line":252,"column":null}},"type":"cond-expr","locations":[{"start":{"line":252,"column":34},"end":{"line":252,"column":52}},{"start":{"line":252,"column":52},"end":{"line":252,"column":null}}],"line":252},"7":{"loc":{"start":{"line":255,"column":15},"end":{"line":255,"column":null}},"type":"cond-expr","locations":[{"start":{"line":255,"column":33},"end":{"line":255,"column":56}},{"start":{"line":255,"column":56},"end":{"line":255,"column":null}}],"line":255},"8":{"loc":{"start":{"line":272,"column":19},"end":{"line":272,"column":null}},"type":"cond-expr","locations":[{"start":{"line":272,"column":33},"end":{"line":272,"column":45}},{"start":{"line":272,"column":45},"end":{"line":272,"column":null}}],"line":272},"9":{"loc":{"start":{"line":275,"column":11},"end":{"line":275,"column":null}},"type":"cond-expr","locations":[{"start":{"line":275,"column":25},"end":{"line":275,"column":45}},{"start":{"line":275,"column":45},"end":{"line":275,"column":null}}],"line":275}},"s":{"0":1,"1":29,"2":29,"3":29,"4":5,"5":5,"6":5,"7":5,"8":0,"9":5,"10":5,"11":1,"12":29,"13":1,"14":1,"15":1,"16":29,"17":13,"18":1,"19":44,"20":4,"21":0,"22":1,"23":0,"24":1},"f":{"0":29,"1":5,"2":5,"3":1,"4":13,"5":1,"6":44,"7":4,"8":0,"9":1,"10":0,"11":1},"b":{"0":[1,4],"1":[1,0],"2":[1,0],"3":[1,0],"4":[26,3],"5":[26,3],"6":[26,3],"7":[26,3],"8":[3,26],"9":[3,26]},"meta":{"lastBranch":10,"lastFunction":12,"lastStatement":25,"seen":{"s:22:6:276:Infinity":0,"f:22:6:22:25":0,"s:28:16:28:47":1,"s:29:19:37:4":2,"s:39:2:63:Infinity":3,"f:39:2:39:18":1,"s:40:23:45:Infinity":4,"f:40:23:40:35":2,"s:41:6:45:Infinity":5,"s:42:21:42:47":6,"s:43:8:43:Infinity":7,"s:45:8:45:Infinity":8,"s:48:4:48:Infinity":9,"b:50:4:61:Infinity:undefined:undefined:undefined:undefined":0,"s:50:4:61:Infinity":10,"s:51:6:61:Infinity":11,"b:59:16:59:46:59:50:59:Infinity":1,"b:60:16:60:38:60:38:60:Infinity":2,"s:65:8:77:Infinity":12,"f:65:8:65:24":3,"s:66:4:66:Infinity":13,"s:69:25:75:Infinity":14,"b:73:32:73:64:73:67:73:Infinity":3,"s:77:4:77:Infinity":15,"s:80:2:276:Infinity":16,"f:96:14:96:25":4,"s:97:16:97:69":17,"f:118:14:118:25":5,"s:119:16:119:68":18,"f:124:21:124:26":6,"s:125:16:127:Infinity":19,"f:149:14:149:25":7,"s:150:16:150:68":20,"f:172:14:172:25":8,"s:173:16:173:77":21,"f:193:14:193:25":9,"s:194:16:194:66":22,"f:216:14:216:25":10,"s:217:16:217:75":23,"f:231:12:231:Infinity":11,"s:232:14:232:68":24,"b:239:34:239:52:239:52:239:Infinity":4,"b:244:36:244:54:244:54:244:Infinity":5,"b:252:34:252:52:252:52:252:Infinity":6,"b:255:33:255:56:255:56:255:Infinity":7,"b:272:33:272:45:272:45:272:Infinity":8,"b:275:25:275:45:275:45:275:Infinity":9}}}
,"C:\\Klubly_TFG_2026_GuillermoReyes\\frontend\\src\\features\\treasury\\services\\treasury.service.ts": {"path":"C:\\Klubly_TFG_2026_GuillermoReyes\\frontend\\src\\features\\treasury\\services\\treasury.service.ts","statementMap":{"0":{"start":{"line":3,"column":31},"end":{"line":6,"column":null}},"1":{"start":{"line":11,"column":29},"end":{"line":15,"column":null}},"2":{"start":{"line":41,"column":17},"end":{"line":41,"column":null}},"3":{"start":{"line":43,"column":31},"end":{"line":74,"column":null}},"4":{"start":{"line":46,"column":16},"end":{"line":46,"column":48}},"5":{"start":{"line":49,"column":26},"end":{"line":49,"column":73}},"6":{"start":{"line":53,"column":4},"end":{"line":53,"column":57}},"7":{"start":{"line":56,"column":42},"end":{"line":56,"column":79}},"8":{"start":{"line":60,"column":4},"end":{"line":60,"column":51}},"9":{"start":{"line":63,"column":26},"end":{"line":63,"column":57}},"10":{"start":{"line":69,"column":4},"end":{"line":69,"column":56}},"11":{"start":{"line":73,"column":4},"end":{"line":73,"column":null}}},"fnMap":{"0":{"name":"(anonymous_0)","decl":{"start":{"line":46,"column":2},"end":{"line":46,"column":16}},"loc":{"start":{"line":46,"column":16},"end":{"line":46,"column":48}},"line":46},"1":{"name":"(anonymous_1)","decl":{"start":{"line":49,"column":2},"end":{"line":49,"column":26}},"loc":{"start":{"line":49,"column":26},"end":{"line":49,"column":73}},"line":49},"2":{"name":"(anonymous_2)","decl":{"start":{"line":52,"column":2},"end":{"line":52,"column":null}},"loc":{"start":{"line":53,"column":4},"end":{"line":53,"column":57}},"line":53},"3":{"name":"(anonymous_3)","decl":{"start":{"line":56,"column":2},"end":{"line":56,"column":11}},"loc":{"start":{"line":56,"column":42},"end":{"line":56,"column":79}},"line":56},"4":{"name":"(anonymous_4)","decl":{"start":{"line":59,"column":2},"end":{"line":59,"column":11}},"loc":{"start":{"line":60,"column":4},"end":{"line":60,"column":51}},"line":60},"5":{"name":"(anonymous_5)","decl":{"start":{"line":63,"column":2},"end":{"line":63,"column":11}},"loc":{"start":{"line":63,"column":26},"end":{"line":63,"column":57}},"line":63},"6":{"name":"(anonymous_6)","decl":{"start":{"line":68,"column":2},"end":{"line":68,"column":16}},"loc":{"start":{"line":69,"column":4},"end":{"line":69,"column":56}},"line":69},"7":{"name":"(anonymous_7)","decl":{"start":{"line":72,"column":2},"end":{"line":72,"column":21}},"loc":{"start":{"line":73,"column":4},"end":{"line":73,"column":null}},"line":73}},"branchMap":{},"s":{"0":2,"1":2,"2":2,"3":2,"4":1,"5":1,"6":0,"7":1,"8":1,"9":1,"10":0,"11":1},"f":{"0":1,"1":1,"2":0,"3":1,"4":1,"5":1,"6":0,"7":1},"b":{},"meta":{"lastBranch":0,"lastFunction":8,"lastStatement":12,"seen":{"s:3:31:6:Infinity":0,"s:11:29:15:Infinity":1,"s:41:17:41:Infinity":2,"s:43:31:74:Infinity":3,"f:46:2:46:16":0,"s:46:16:46:48":4,"f:49:2:49:26":1,"s:49:26:49:73":5,"f:52:2:52:Infinity":2,"s:53:4:53:57":6,"f:56:2:56:11":3,"s:56:42:56:79":7,"f:59:2:59:11":4,"s:60:4:60:51":8,"f:63:2:63:11":5,"s:63:26:63:57":9,"f:68:2:68:16":6,"s:69:4:69:56":10,"f:72:2:72:21":7,"s:73:4:73:Infinity":11}}}
,"C:\\Klubly_TFG_2026_GuillermoReyes\\frontend\\src\\routes\\ProtectedRoute.tsx": {"path":"C:\\Klubly_TFG_2026_GuillermoReyes\\frontend\\src\\routes\\ProtectedRoute.tsx","statementMap":{"0":{"start":{"line":3,"column":6},"end":{"line":14,"column":null}},"1":{"start":{"line":4,"column":16},"end":{"line":4,"column":45}},"2":{"start":{"line":5,"column":2},"end":{"line":5,"column":null}},"3":{"start":{"line":8,"column":2},"end":{"line":10,"column":null}},"4":{"start":{"line":9,"column":4},"end":{"line":9,"column":null}},"5":{"start":{"line":10,"column":4},"end":{"line":10,"column":null}},"6":{"start":{"line":14,"column":2},"end":{"line":14,"column":null}}},"fnMap":{"0":{"name":"(anonymous_0)","decl":{"start":{"line":3,"column":6},"end":{"line":3,"column":29}},"loc":{"start":{"line":3,"column":29},"end":{"line":14,"column":null}},"line":3}},"branchMap":{"0":{"loc":{"start":{"line":8,"column":2},"end":{"line":10,"column":null}},"type":"if","locations":[{"start":{"line":8,"column":2},"end":{"line":10,"column":null}},{"start":{},"end":{}}],"line":8}},"s":{"0":1,"1":2,"2":2,"3":2,"4":1,"5":1,"6":1},"f":{"0":2},"b":{"0":[1,1]},"meta":{"lastBranch":1,"lastFunction":1,"lastStatement":7,"seen":{"s:3:6:14:Infinity":0,"f:3:6:3:29":0,"s:4:16:4:45":1,"s:5:2:5:Infinity":2,"b:8:2:10:Infinity:undefined:undefined:undefined:undefined":0,"s:8:2:10:Infinity":3,"s:9:4:9:Infinity":4,"s:10:4:10:Infinity":5,"s:14:2:14:Infinity":6}}}
}
